2026-04-30 15:23:10  DEBUG     verify_test: debug message
2026-04-30 15:23:10  INFO      verify_test: info message
2026-04-30 15:23:10  WARNING   verify_test: warning message
2026-04-30 15:24:49  DEBUG     verify_test: debug message
2026-04-30 15:24:49  INFO      verify_test: info message
2026-04-30 15:24:49  WARNING   verify_test: warning message
2026-04-30 15:51:43  INFO      src.data_loader: Labels created. Rows: 5 (dropped 0). Stunted: 40.0% | Underweight: 40.0% | Wasted: 20.0%
2026-04-30 15:51:43  INFO      src.data_loader: Labels created. Rows: 5 (dropped 0). Stunted: 40.0% | Underweight: 40.0% | Wasted: 20.0%
2026-04-30 15:51:43  INFO      src.data_loader: Labels created. Rows: 5 (dropped 0). Stunted: 40.0% | Underweight: 40.0% | Wasted: 20.0%
2026-04-30 15:51:43  INFO      src.data_loader: Labels created. Rows: 5 (dropped 0). Stunted: 40.0% | Underweight: 40.0% | Wasted: 20.0%
2026-04-30 15:51:43  INFO      src.data_loader: Labels created. Rows: 2 (dropped 1). Stunted: 50.0% | Underweight: 50.0% | Wasted: 50.0%
2026-04-30 15:51:43  INFO      src.data_loader: Labels created. Rows: 1 (dropped 0). Stunted: 0.0% | Underweight: 100.0% | Wasted: 0.0%
2026-04-30 15:52:09  INFO      src.data_loader: Labels created. Rows: 5 (dropped 0). Stunted: 40.0% | Underweight: 40.0% | Wasted: 20.0%
2026-04-30 15:52:09  INFO      src.data_loader: Labels created. Rows: 5 (dropped 0). Stunted: 40.0% | Underweight: 40.0% | Wasted: 20.0%
2026-04-30 15:52:09  INFO      src.data_loader: Labels created. Rows: 5 (dropped 0). Stunted: 40.0% | Underweight: 40.0% | Wasted: 20.0%
2026-04-30 15:52:09  INFO      src.data_loader: Labels created. Rows: 5 (dropped 0). Stunted: 40.0% | Underweight: 40.0% | Wasted: 20.0%
2026-04-30 15:52:09  INFO      src.data_loader: Labels created. Rows: 2 (dropped 1). Stunted: 50.0% | Underweight: 50.0% | Wasted: 50.0%
2026-04-30 15:52:09  INFO      src.data_loader: Labels created. Rows: 1 (dropped 0). Stunted: 0.0% | Underweight: 100.0% | Wasted: 0.0%
2026-05-01 07:06:36  INFO      src.data_loader: Loading 18 columns from IAKR7EFL.DTA...
2026-05-01 07:06:41  INFO      src.data_loader: Loaded: 0 rows x 0 columns
2026-05-01 07:06:41  INFO      src.data_loader: Missing code replacement: 0 Z-score values → NaN
2026-05-01 07:06:41  INFO      src.data_loader: Z-scores scaled. Final shape: (0, 0)
2026-05-01 07:19:26  INFO      src.data_loader: Loading 18 columns from IAKR7EFL.DTA...
2026-05-01 07:19:30  INFO      src.data_loader: Loaded: 0 rows x 0 columns
2026-05-01 07:19:30  INFO      src.data_loader: Missing code replacement: 0 Z-score values → NaN
2026-05-01 07:19:30  INFO      src.data_loader: Z-scores scaled. Final shape: (0, 0)
2026-05-01 07:32:29  INFO      src.data_loader: Loading 18 columns from IAKR7EFL.DTA...
2026-05-01 07:32:31  INFO      src.data_loader: Loaded: 0 rows x 0 columns
2026-05-01 07:32:31  INFO      src.data_loader: Missing code replacement: 0 Z-score values → NaN
2026-05-01 07:32:31  INFO      src.data_loader: Z-scores scaled. Final shape: (0, 0)
2026-05-01 07:32:53  INFO      src.data_loader: Loading 20 columns from IAKR7EFL.DTA...
2026-05-01 07:32:56  INFO      src.data_loader: Loaded: 232,920 rows x 14 columns
2026-05-01 07:32:56  INFO      src.data_loader: Missing code replacement: 0 Z-score values → NaN
2026-05-01 07:32:56  INFO      src.data_loader: Z-scores scaled. Final shape: (232920, 14)
2026-05-01 07:35:15  INFO      src.data_loader: Loading 18 columns from IAKR7EFL.DTA...
2026-05-01 07:35:19  INFO      src.data_loader: Loaded: 232,920 rows x 14 columns
2026-05-01 07:35:19  INFO      src.data_loader: Missing code replacement: 0 Z-score values → NaN
2026-05-01 07:35:19  INFO      src.data_loader: Z-scores scaled. Final shape: (232920, 14)
2026-05-01 07:36:26  INFO      src.data_loader: Loaded: 232,920 rows x 14 columns
2026-05-01 07:36:26  INFO      src.data_loader: Missing code replacement: 0 Z-score values → NaN
2026-05-01 07:36:26  INFO      src.data_loader: Z-scores scaled. Final shape: (232920, 14)
2026-05-01 07:36:37  INFO      src.data_loader: Loaded: 232,920 rows x 14 columns
2026-05-01 07:36:37  INFO      src.data_loader: Missing code replacement: 0 Z-score values → NaN
2026-05-01 07:36:37  INFO      src.data_loader: Z-scores scaled. Final shape: (232920, 14)
2026-05-01 07:38:21  INFO      src.data_loader: Loaded: 232,920 rows x 14 columns
2026-05-01 07:38:21  INFO      src.data_loader: Missing code replacement: 0 Z-score values → NaN
2026-05-01 07:38:21  WARNING   src.data_loader: HAZ: 5,064 values outside [-6.0, 6.0] after scaling. These will be NaN after label creation bounds filter.
2026-05-01 07:38:21  WARNING   src.data_loader: WAZ: 1,160 values outside [-6.0, 6.0] after scaling. These will be NaN after label creation bounds filter.
2026-05-01 07:38:21  WARNING   src.data_loader: WHZ: 12,844 values outside [-6.0, 6.0] after scaling. These will be NaN after label creation bounds filter.
2026-05-01 07:38:21  INFO      src.data_loader: Z-scores scaled. Final shape: (232920, 14)
2026-05-01 07:38:21  INFO      src.data_loader: Labels created. Rows: 215,244 (dropped 17,676). Stunted: 34.0% | Underweight: 30.2% | Wasted: 17.4%
2026-05-01 07:38:53  INFO      src.data_loader: Loaded: 232,920 rows x 14 columns
2026-05-01 07:38:53  INFO      src.data_loader: Missing code replacement: 0 Z-score values → NaN
2026-05-01 07:38:53  WARNING   src.data_loader: HAZ: 5,064 values outside [-6.0, 6.0] after scaling. These will be NaN after label creation bounds filter.
2026-05-01 07:38:53  WARNING   src.data_loader: WAZ: 1,160 values outside [-6.0, 6.0] after scaling. These will be NaN after label creation bounds filter.
2026-05-01 07:38:53  WARNING   src.data_loader: WHZ: 12,844 values outside [-6.0, 6.0] after scaling. These will be NaN after label creation bounds filter.
2026-05-01 07:38:53  INFO      src.data_loader: Z-scores scaled. Final shape: (232920, 14)
2026-05-01 07:38:53  INFO      src.data_loader: Labels created. Rows: 215,244 (dropped 17,676). Stunted: 34.0% | Underweight: 30.2% | Wasted: 17.4%
2026-05-01 07:42:02  INFO      src.data_loader: Loaded: 232,920 rows x 14 columns
2026-05-01 07:42:02  INFO      src.data_loader: Missing code replacement: 0 Z-score values → NaN
2026-05-01 07:42:02  WARNING   src.data_loader: HAZ: 5,064 values outside [-6.0, 6.0] after scaling. These will be NaN after label creation bounds filter.
2026-05-01 07:42:02  WARNING   src.data_loader: WAZ: 1,160 values outside [-6.0, 6.0] after scaling. These will be NaN after label creation bounds filter.
2026-05-01 07:42:02  WARNING   src.data_loader: WHZ: 12,844 values outside [-6.0, 6.0] after scaling. These will be NaN after label creation bounds filter.
2026-05-01 07:42:02  INFO      src.data_loader: Z-scores scaled. Final shape: (232920, 14)
2026-05-01 07:42:02  INFO      src.data_loader: Labels created. Rows: 215,244 (dropped 17,676). Stunted: 34.0% | Underweight: 30.2% | Wasted: 17.4%
2026-05-01 07:42:47  INFO      src.data_loader: Loaded: 232,920 rows x 14 columns
2026-05-01 07:42:47  INFO      src.data_loader: Missing code replacement: 0 Z-score values → NaN
2026-05-01 07:42:47  WARNING   src.data_loader: HAZ: 5,064 values outside [-6.0, 6.0] after scaling. These will be NaN after label creation bounds filter.
2026-05-01 07:42:47  WARNING   src.data_loader: WAZ: 1,160 values outside [-6.0, 6.0] after scaling. These will be NaN after label creation bounds filter.
2026-05-01 07:42:47  WARNING   src.data_loader: WHZ: 12,844 values outside [-6.0, 6.0] after scaling. These will be NaN after label creation bounds filter.
2026-05-01 07:42:47  INFO      src.data_loader: Z-scores scaled. Final shape: (232920, 14)
2026-05-01 07:42:47  INFO      src.data_loader: Labels created. Rows: 215,244 (dropped 17,676). Stunted: 34.0% | Underweight: 30.2% | Wasted: 17.4%
2026-05-01 07:46:08  INFO      src.data_loader: Loaded: 232,920 rows x 14 columns
2026-05-01 07:46:08  INFO      src.data_loader: Missing code replacement: 0 Z-score values → NaN
2026-05-01 07:46:08  WARNING   src.data_loader: HAZ: 5,064 values outside [-6.0, 6.0] after scaling. These will be NaN after label creation bounds filter.
2026-05-01 07:46:08  WARNING   src.data_loader: WAZ: 1,160 values outside [-6.0, 6.0] after scaling. These will be NaN after label creation bounds filter.
2026-05-01 07:46:08  WARNING   src.data_loader: WHZ: 12,844 values outside [-6.0, 6.0] after scaling. These will be NaN after label creation bounds filter.
2026-05-01 07:46:08  INFO      src.data_loader: Z-scores scaled. Final shape: (232920, 14)
2026-05-01 07:46:08  INFO      src.data_loader: Labels created. Rows: 215,244 (dropped 17,676). Stunted: 34.0% | Underweight: 30.2% | Wasted: 17.4%
2026-05-01 07:47:17  INFO      src.data_loader: Loaded: 232,920 rows x 14 columns
2026-05-01 07:47:17  INFO      src.data_loader: Missing code replacement: 0 Z-score values → NaN
2026-05-01 07:47:17  WARNING   src.data_loader: HAZ: 5,064 values outside [-6.0, 6.0] after scaling. These will be NaN after label creation bounds filter.
2026-05-01 07:47:17  WARNING   src.data_loader: WAZ: 1,160 values outside [-6.0, 6.0] after scaling. These will be NaN after label creation bounds filter.
2026-05-01 07:47:17  WARNING   src.data_loader: WHZ: 12,844 values outside [-6.0, 6.0] after scaling. These will be NaN after label creation bounds filter.
2026-05-01 07:47:17  INFO      src.data_loader: Z-scores scaled. Final shape: (232920, 14)
2026-05-01 07:47:20  INFO      src.data_loader: Loaded: 232,920 rows x 14 columns
2026-05-01 07:47:20  INFO      src.data_loader: Missing code replacement: 0 Z-score values → NaN
2026-05-01 07:47:20  WARNING   src.data_loader: HAZ: 5,064 values outside [-6.0, 6.0] after scaling. These will be NaN after label creation bounds filter.
2026-05-01 07:47:20  WARNING   src.data_loader: WAZ: 1,160 values outside [-6.0, 6.0] after scaling. These will be NaN after label creation bounds filter.
2026-05-01 07:47:20  WARNING   src.data_loader: WHZ: 12,844 values outside [-6.0, 6.0] after scaling. These will be NaN after label creation bounds filter.
2026-05-01 07:47:20  INFO      src.data_loader: Z-scores scaled. Final shape: (232920, 14)
2026-05-01 07:47:20  INFO      src.data_loader: Labels created. Rows: 215,244 (dropped 17,676). Stunted: 34.0% | Underweight: 30.2% | Wasted: 17.4%
2026-05-01 07:47:46  INFO      src.data_loader: Loaded: 232,920 rows x 14 columns
2026-05-01 07:47:46  INFO      src.data_loader: Missing code replacement: 0 Z-score values → NaN
2026-05-01 07:47:46  WARNING   src.data_loader: HAZ: 5,064 values outside [-6.0, 6.0] after scaling. These will be NaN after label creation bounds filter.
2026-05-01 07:47:46  WARNING   src.data_loader: WAZ: 1,160 values outside [-6.0, 6.0] after scaling. These will be NaN after label creation bounds filter.
2026-05-01 07:47:46  WARNING   src.data_loader: WHZ: 12,844 values outside [-6.0, 6.0] after scaling. These will be NaN after label creation bounds filter.
2026-05-01 07:47:46  INFO      src.data_loader: Z-scores scaled. Final shape: (232920, 14)
2026-05-01 07:47:47  INFO      src.data_loader: Labels created. Rows: 215,244 (dropped 17,676). Stunted: 34.0% | Underweight: 30.2% | Wasted: 17.4%
2026-05-01 07:48:41  INFO      src.data_loader: Loaded: 232,920 rows x 14 columns
2026-05-01 07:48:41  INFO      src.data_loader: Missing code replacement: 0 Z-score values → NaN
2026-05-01 07:48:41  WARNING   src.data_loader: HAZ: 5,064 values outside [-6.0, 6.0] after scaling. These will be NaN after label creation bounds filter.
2026-05-01 07:48:41  WARNING   src.data_loader: WAZ: 1,160 values outside [-6.0, 6.0] after scaling. These will be NaN after label creation bounds filter.
2026-05-01 07:48:41  WARNING   src.data_loader: WHZ: 12,844 values outside [-6.0, 6.0] after scaling. These will be NaN after label creation bounds filter.
2026-05-01 07:48:41  INFO      src.data_loader: Z-scores scaled. Final shape: (232920, 14)
2026-05-01 07:48:42  INFO      src.data_loader: Labels created. Rows: 215,244 (dropped 17,676). Stunted: 34.0% | Underweight: 30.2% | Wasted: 17.4%
2026-05-01 07:52:22  INFO      src.data_loader: Loaded: 232,920 rows x 14 columns
2026-05-01 07:52:22  INFO      src.data_loader: Missing code replacement: 0 Z-score values → NaN
2026-05-01 07:52:22  WARNING   src.data_loader: HAZ: 5,064 values outside [-6.0, 6.0] after scaling. These will be NaN after label creation bounds filter.
2026-05-01 07:52:22  WARNING   src.data_loader: WAZ: 1,160 values outside [-6.0, 6.0] after scaling. These will be NaN after label creation bounds filter.
2026-05-01 07:52:22  WARNING   src.data_loader: WHZ: 12,844 values outside [-6.0, 6.0] after scaling. These will be NaN after label creation bounds filter.
2026-05-01 07:52:22  INFO      src.data_loader: Z-scores scaled. Final shape: (232920, 14)
2026-05-01 07:52:22  INFO      src.data_loader: Labels created. Rows: 215,244 (dropped 17,676). Stunted: 34.0% | Underweight: 30.2% | Wasted: 17.4%
2026-05-01 07:52:48  INFO      src.data_loader: Loaded: 232,920 rows x 14 columns
2026-05-01 07:52:48  INFO      src.data_loader: Missing code replacement: 0 Z-score values → NaN
2026-05-01 07:52:48  WARNING   src.data_loader: HAZ: 5,064 values outside [-6.0, 6.0] after scaling. These will be NaN after label creation bounds filter.
2026-05-01 07:52:48  WARNING   src.data_loader: WAZ: 1,160 values outside [-6.0, 6.0] after scaling. These will be NaN after label creation bounds filter.
2026-05-01 07:52:48  WARNING   src.data_loader: WHZ: 12,844 values outside [-6.0, 6.0] after scaling. These will be NaN after label creation bounds filter.
2026-05-01 07:52:48  INFO      src.data_loader: Z-scores scaled. Final shape: (232920, 14)
2026-05-01 07:53:38  INFO      src.data_loader: Loaded: 232,920 rows x 14 columns
2026-05-01 07:53:39  INFO      src.data_loader: Missing code replacement: 19,068 Z-score values → NaN
2026-05-01 07:53:39  INFO      src.data_loader: Z-scores scaled. Final shape: (232920, 14)
2026-05-01 07:53:39  INFO      src.data_loader: Labels created. Rows: 211,639 (dropped 21,274). Stunted: 34.5% | Underweight: 30.7% | Wasted: 17.7%
2026-05-01 07:54:14  INFO      src.data_loader: Loaded: 232,920 rows x 14 columns
2026-05-01 07:54:15  INFO      src.data_loader: Missing code replacement: 19,068 Z-score values → NaN
2026-05-01 07:54:15  INFO      src.data_loader: Z-scores scaled. Final shape: (232920, 14)
2026-05-01 07:54:15  INFO      src.data_loader: Labels created. Rows: 211,639 (dropped 21,274). Stunted: 34.5% | Underweight: 30.7% | Wasted: 17.7%
2026-05-01 08:01:33  INFO      src.data_loader: Loaded: 232,920 rows x 14 columns
2026-05-01 08:01:33  INFO      src.data_loader: Missing code replacement: 19,068 Z-score values → NaN
2026-05-01 08:01:33  INFO      src.data_loader: Z-scores scaled. Final shape: (232920, 14)
2026-05-01 08:01:34  INFO      src.data_loader: Labels created. Rows: 211,639 (dropped 21,274). Stunted: 34.5% | Underweight: 30.7% | Wasted: 17.7%
2026-05-01 08:22:07  INFO      src.preprocessing: SC/ST column detected: V131
2026-05-01 08:22:07  WARNING   src.preprocessing: No SC/ST column found. Searched: ['V131', 'S116', 'SH46', 'V130']. Fairness audit for Scheduled Tribe subgroup will be unavailable. Consider requesting the Household Members Recode (PR) file from DHS.
2026-05-01 08:22:07  INFO      src.preprocessing: Categorical encoding applied to: ['B4', 'V025']
2026-05-01 08:24:19  INFO      src.labels: WHO thresholds applied: stunted=-2.0, underweight=-2.0, wasted=-2.0
2026-05-01 08:24:19  INFO      src.labels: ─── Label Audit ───
2026-05-01 08:24:19  INFO      src.labels:   stunted: 50.0% prevalence
2026-05-01 08:24:19  INFO      src.labels:   underweight: 50.0% prevalence
2026-05-01 08:24:19  INFO      src.labels:   wasted: 25.0% prevalence
2026-05-01 08:24:19  INFO      src.labels:   stunted: scale_pos_weight = 1.0
2026-05-01 08:24:19  INFO      src.labels:   underweight: scale_pos_weight = 1.0
2026-05-01 08:24:19  INFO      src.labels:   wasted: scale_pos_weight = 1.0
2026-05-01 08:24:19  INFO      src.labels: WHO thresholds applied: stunted=-2.0, underweight=-2.0, wasted=-2.0
2026-05-01 08:27:58  INFO      __main__: Environment validated
2026-05-01 08:28:01  INFO      src.data_loader: Loaded: 232,920 rows x 14 columns
2026-05-01 08:28:02  INFO      src.data_loader: Missing code replacement: 19,068 Z-score values → NaN
2026-05-01 08:28:02  INFO      src.data_loader: Z-scores scaled. Final shape: (232920, 14)
2026-05-01 08:28:02  INFO      src.labels: WHO thresholds applied: stunted=-2.0, underweight=-2.0, wasted=-2.0
2026-05-01 08:28:02  INFO      src.preprocessing: Starting full preprocessing pipeline...
2026-05-01 08:28:02  INFO      src.preprocessing: Input: 232,920 rows x 17 columns
2026-05-01 08:28:02  INFO      src.preprocessing: Duplicates removed: 3,872. Rows remaining: 229,048
2026-05-01 08:28:02  WARNING   src.preprocessing: No SC/ST column found. Searched: ['V131', 'S116', 'SH46', 'V130']. Fairness audit for Scheduled Tribe subgroup will be unavailable. Consider requesting the Household Members Recode (PR) file from DHS.
2026-05-01 08:28:02  INFO      src.preprocessing: Categorical encoding applied to: []
2026-05-01 08:28:02  INFO      src.preprocessing: Median imputation applied to 11 numeric columns
2026-05-01 08:28:02  INFO      src.preprocessing: Not imputed (protected): ['HAZ', 'WAZ', 'WHZ', 'stunted', 'underweight', 'wasted']
2026-05-01 08:28:02  WARNING   src.preprocessing: M19 (birth weight) column not found — skipping outlier cap
2026-05-01 08:28:02  WARNING   src.preprocessing: No SDI components found — skipping index construction
2026-05-01 08:28:02  INFO      src.preprocessing: Pipeline complete. Output: 229,048 rows x 17 columns
2026-05-01 08:28:02  INFO      src.labels: Label validation: PASSED
2026-05-01 08:28:02  INFO      src.labels: ─── Label Audit ───
2026-05-01 08:28:02  INFO      src.labels:   stunted: 35.5% prevalence
2026-05-01 08:28:02  INFO      src.labels:   underweight: 30.9% prevalence
2026-05-01 08:28:02  INFO      src.labels:   wasted: 18.6% prevalence
2026-05-01 08:28:02  INFO      src.labels:   stunted: scale_pos_weight = 1.7864
2026-05-01 08:28:02  INFO      src.labels:   underweight: scale_pos_weight = 2.4099
2026-05-01 08:28:02  INFO      src.labels:   wasted: scale_pos_weight = 4.3937
2026-05-01 08:32:48  INFO      src.data_loader: Loaded: 232,920 rows x 14 columns
2026-05-01 08:32:49  INFO      src.data_loader: Missing code replacement: 19,068 Z-score values → NaN
2026-05-01 08:32:49  INFO      src.data_loader: Z-scores scaled. Final shape: (232920, 14)
2026-05-01 08:32:49  INFO      src.data_loader: Labels created. Rows: 211,639 (dropped 21,274). Stunted: 34.5% | Underweight: 30.7% | Wasted: 17.7%
2026-05-01 08:37:34  INFO      __main__: Environment validated
2026-05-01 08:37:37  INFO      src.data_loader: Loaded: 232,920 rows x 14 columns
2026-05-01 08:37:37  INFO      src.data_loader: Missing code replacement: 19,068 Z-score values → NaN
2026-05-01 08:37:37  INFO      src.data_loader: Z-scores scaled. Final shape: (232920, 14)
2026-05-01 08:37:38  INFO      src.labels: WHO thresholds applied: stunted=-2.0, underweight=-2.0, wasted=-2.0
2026-05-01 08:37:38  INFO      src.preprocessing: Starting full preprocessing pipeline...
2026-05-01 08:37:38  INFO      src.preprocessing: Input: 232,920 rows x 17 columns
2026-05-01 08:37:38  INFO      src.preprocessing: Duplicates removed: 3,872. Rows remaining: 229,048
2026-05-01 08:37:38  WARNING   src.preprocessing: No SC/ST column found. Searched: ['V131', 'S116', 'SH46', 'V130']. Fairness audit for Scheduled Tribe subgroup will be unavailable. Consider requesting the Household Members Recode (PR) file from DHS.
2026-05-01 08:37:38  INFO      src.preprocessing: Categorical encoding applied to: []
2026-05-01 08:37:38  INFO      src.preprocessing: Median imputation applied to 11 numeric columns
2026-05-01 08:37:38  INFO      src.preprocessing: Not imputed (protected): ['HAZ', 'WAZ', 'WHZ', 'stunted', 'underweight', 'wasted']
2026-05-01 08:37:38  WARNING   src.preprocessing: M19 (birth weight) column not found — skipping outlier cap
2026-05-01 08:37:38  WARNING   src.preprocessing: No SDI components found — skipping index construction
2026-05-01 08:37:38  INFO      src.preprocessing: Pipeline complete. Output: 229,048 rows x 17 columns
2026-05-01 08:37:38  INFO      src.labels: Label validation: PASSED
2026-05-01 08:37:38  INFO      src.labels: ─── Label Audit ───
2026-05-01 08:37:38  INFO      src.labels:   stunted: 35.5% prevalence
2026-05-01 08:37:38  INFO      src.labels:   underweight: 30.9% prevalence
2026-05-01 08:37:38  INFO      src.labels:   wasted: 18.6% prevalence
2026-05-01 08:37:38  INFO      src.labels:   stunted: scale_pos_weight = 1.7864
2026-05-01 08:37:38  INFO      src.labels:   underweight: scale_pos_weight = 2.4099
2026-05-01 08:37:38  INFO      src.labels:   wasted: scale_pos_weight = 4.3937
2026-05-01 08:37:40  WARNING   src.preprocessing: Dropped 30,252 rows with missing target labels before train/test split.
2026-05-01 08:37:40  INFO      src.preprocessing: Train/test split: 159,036 train | 39,760 test (20% test, stratified on stunted)
2026-05-01 08:38:01  INFO      __main__: Environment validated
2026-05-01 08:38:04  INFO      src.data_loader: Loaded: 232,920 rows x 14 columns
2026-05-01 08:38:05  INFO      src.data_loader: Missing code replacement: 19,068 Z-score values → NaN
2026-05-01 08:38:05  INFO      src.data_loader: Z-scores scaled. Final shape: (232920, 14)
2026-05-01 08:38:05  INFO      src.labels: WHO thresholds applied: stunted=-2.0, underweight=-2.0, wasted=-2.0
2026-05-01 08:38:05  INFO      src.preprocessing: Starting full preprocessing pipeline...
2026-05-01 08:38:05  INFO      src.preprocessing: Input: 232,920 rows x 17 columns
2026-05-01 08:38:05  INFO      src.preprocessing: Duplicates removed: 3,872. Rows remaining: 229,048
2026-05-01 08:38:05  WARNING   src.preprocessing: No SC/ST column found. Searched: ['V131', 'S116', 'SH46', 'V130']. Fairness audit for Scheduled Tribe subgroup will be unavailable. Consider requesting the Household Members Recode (PR) file from DHS.
2026-05-01 08:38:05  INFO      src.preprocessing: Categorical encoding applied to: []
2026-05-01 08:38:06  INFO      src.preprocessing: Median imputation applied to 11 numeric columns
2026-05-01 08:38:06  INFO      src.preprocessing: Not imputed (protected): ['HAZ', 'WAZ', 'WHZ', 'stunted', 'underweight', 'wasted']
2026-05-01 08:38:06  WARNING   src.preprocessing: M19 (birth weight) column not found — skipping outlier cap
2026-05-01 08:38:06  WARNING   src.preprocessing: No SDI components found — skipping index construction
2026-05-01 08:38:06  INFO      src.preprocessing: Pipeline complete. Output: 229,048 rows x 17 columns
2026-05-01 08:38:06  INFO      src.labels: Label validation: PASSED
2026-05-01 08:38:06  INFO      src.labels: ─── Label Audit ───
2026-05-01 08:38:06  INFO      src.labels:   stunted: 35.5% prevalence
2026-05-01 08:38:06  INFO      src.labels:   underweight: 30.9% prevalence
2026-05-01 08:38:06  INFO      src.labels:   wasted: 18.6% prevalence
2026-05-01 08:38:06  INFO      src.labels:   stunted: scale_pos_weight = 1.7864
2026-05-01 08:38:06  INFO      src.labels:   underweight: scale_pos_weight = 2.4099
2026-05-01 08:38:06  INFO      src.labels:   wasted: scale_pos_weight = 4.3937
2026-05-01 08:38:08  WARNING   src.preprocessing: Dropped 30,252 rows with missing target labels before train/test split.
2026-05-01 08:38:08  INFO      src.preprocessing: Train/test split: 159,036 train | 39,760 test (20% test, stratified on stunted)
2026-05-01 08:47:36  INFO      __main__: Environment validated
2026-05-01 08:47:39  INFO      src.data_loader: Loaded: 232,920 rows x 14 columns
2026-05-01 08:47:40  INFO      src.data_loader: Missing code replacement: 19,068 Z-score values → NaN
2026-05-01 08:47:40  INFO      src.data_loader: Z-scores scaled. Final shape: (232920, 14)
2026-05-01 08:47:40  INFO      src.labels: WHO thresholds applied: stunted=-2.0, underweight=-2.0, wasted=-2.0
2026-05-01 08:47:40  INFO      src.preprocessing: Starting full preprocessing pipeline...
2026-05-01 08:47:40  INFO      src.preprocessing: Input: 232,920 rows x 17 columns
2026-05-01 08:47:40  INFO      src.preprocessing: Duplicates removed: 3,872. Rows remaining: 229,048
2026-05-01 08:47:40  WARNING   src.preprocessing: No SC/ST column found. Searched: ['V131', 'S116', 'SH46', 'V130']. Fairness audit for Scheduled Tribe subgroup will be unavailable. Consider requesting the Household Members Recode (PR) file from DHS.
2026-05-01 08:47:40  INFO      src.preprocessing: Categorical encoding applied to: []
2026-05-01 08:47:40  INFO      src.preprocessing: Median imputation applied to 11 numeric columns
2026-05-01 08:47:40  INFO      src.preprocessing: Not imputed (protected): ['HAZ', 'WAZ', 'WHZ', 'stunted', 'underweight', 'wasted']
2026-05-01 08:47:40  WARNING   src.preprocessing: M19 (birth weight) column not found — skipping outlier cap
2026-05-01 08:47:40  WARNING   src.preprocessing: No SDI components found — skipping index construction
2026-05-01 08:47:40  INFO      src.preprocessing: Pipeline complete. Output: 229,048 rows x 17 columns
2026-05-01 08:47:40  INFO      src.labels: Label validation: PASSED
2026-05-01 08:47:40  INFO      src.labels: ─── Label Audit ───
2026-05-01 08:47:40  INFO      src.labels:   stunted: 35.5% prevalence
2026-05-01 08:47:40  INFO      src.labels:   underweight: 30.9% prevalence
2026-05-01 08:47:40  INFO      src.labels:   wasted: 18.6% prevalence
2026-05-01 08:47:40  INFO      src.labels:   stunted: scale_pos_weight = 1.7864
2026-05-01 08:47:40  INFO      src.labels:   underweight: scale_pos_weight = 2.4099
2026-05-01 08:47:40  INFO      src.labels:   wasted: scale_pos_weight = 4.3937
2026-05-01 08:47:42  WARNING   src.preprocessing: Dropped 30,252 rows with missing target labels before train/test split.
2026-05-01 08:47:42  INFO      src.preprocessing: Train/test split: 159,036 train | 39,760 test (20% test, stratified on stunted)
2026-05-01 08:48:51  INFO      __main__: Environment validated
2026-05-01 08:48:53  INFO      src.data_loader: Loaded: 232,920 rows x 14 columns
2026-05-01 08:48:54  INFO      src.data_loader: Missing code replacement: 19,068 Z-score values → NaN
2026-05-01 08:48:54  INFO      src.data_loader: Z-scores scaled. Final shape: (232920, 14)
2026-05-01 08:48:54  INFO      src.labels: WHO thresholds applied: stunted=-2.0, underweight=-2.0, wasted=-2.0
2026-05-01 08:48:54  INFO      src.preprocessing: Starting full preprocessing pipeline...
2026-05-01 08:48:54  INFO      src.preprocessing: Input: 232,920 rows x 17 columns
2026-05-01 08:48:54  INFO      src.preprocessing: Duplicates removed: 3,872. Rows remaining: 229,048
2026-05-01 08:48:54  WARNING   src.preprocessing: No SC/ST column found. Searched: ['V131', 'S116', 'SH46', 'V130']. Fairness audit for Scheduled Tribe subgroup will be unavailable. Consider requesting the Household Members Recode (PR) file from DHS.
2026-05-01 08:48:54  INFO      src.preprocessing: Categorical encoding applied to: []
2026-05-01 08:48:55  INFO      src.preprocessing: Median imputation applied to 11 numeric columns
2026-05-01 08:48:55  INFO      src.preprocessing: Not imputed (protected): ['HAZ', 'WAZ', 'WHZ', 'stunted', 'underweight', 'wasted']
2026-05-01 08:48:55  WARNING   src.preprocessing: M19 (birth weight) column not found — skipping outlier cap
2026-05-01 08:48:55  WARNING   src.preprocessing: No SDI components found — skipping index construction
2026-05-01 08:48:55  INFO      src.preprocessing: Pipeline complete. Output: 229,048 rows x 17 columns
2026-05-01 08:48:55  INFO      src.labels: Label validation: PASSED
2026-05-01 08:48:55  INFO      src.labels: ─── Label Audit ───
2026-05-01 08:48:55  INFO      src.labels:   stunted: 35.5% prevalence
2026-05-01 08:48:55  INFO      src.labels:   underweight: 30.9% prevalence
2026-05-01 08:48:55  INFO      src.labels:   wasted: 18.6% prevalence
2026-05-01 08:48:55  INFO      src.labels:   stunted: scale_pos_weight = 1.7864
2026-05-01 08:48:55  INFO      src.labels:   underweight: scale_pos_weight = 2.4099
2026-05-01 08:48:55  INFO      src.labels:   wasted: scale_pos_weight = 4.3937
2026-05-01 08:48:57  WARNING   src.preprocessing: Dropped 30,252 rows with missing target labels before train/test split.
2026-05-01 08:48:57  INFO      src.preprocessing: Train/test split: 159,036 train | 39,760 test (20% test, stratified on stunted)
2026-05-01 09:08:04  INFO      src.validation: Running validate_all: Synthetic valid test
2026-05-01 09:08:04  INFO      src.validation: Row count check PASSED: 191,000
2026-05-01 09:08:04  INFO      src.validation: Missing code check PASSED
2026-05-01 09:08:04  INFO      src.validation: Z-score scale check PASSED
2026-05-01 09:08:04  INFO      src.validation: Label binary check PASSED
2026-05-01 09:08:04  INFO      src.validation: Duplicate check PASSED: 0 duplicates
2026-05-01 09:08:04  INFO      src.validation: stunted: 34.9%  (threshold 30%–42%)
2026-05-01 09:08:04  INFO      src.validation: underweight: 32.0%  (threshold 30%–35%)
2026-05-01 09:08:04  INFO      src.validation: wasted: 19.0%  (threshold 17%–22%)
2026-05-01 09:08:04  INFO      src.validation: Prevalence check PASSED for all three phenotypes
2026-05-01 09:08:04  INFO      src.validation: validate_all PASSED
2026-05-01 09:08:04  INFO      src.validation: stunted: 10.0%  (threshold 30%–42%)
2026-05-01 09:08:04  INFO      src.validation: stunted: 34.9%  (threshold 30%–42%)
2026-05-01 09:08:04  INFO      src.validation: underweight: 45.0%  (threshold 30%–35%)
2026-05-01 09:08:04  INFO      src.validation: stunted: 34.9%  (threshold 30%–42%)
2026-05-01 09:08:04  INFO      src.validation: underweight: 32.0%  (threshold 30%–35%)
2026-05-01 09:08:04  INFO      src.validation: wasted: 5.0%  (threshold 17%–22%)
2026-05-01 09:08:05  INFO      src.validation: Row count check PASSED: 191,000
2026-05-01 09:08:05  INFO      src.validation: Missing code check PASSED
2026-05-01 09:08:05  INFO      src.validation: Z-score scale check PASSED
2026-05-01 09:08:05  INFO      src.validation: Label binary check PASSED
2026-05-01 09:08:05  INFO      src.validation: Duplicate check PASSED: 0 duplicates
2026-05-01 09:08:05  INFO      src.validation: stunted: 0.0%  (threshold 30%–42%)
2026-05-01 09:08:05  WARNING   src.validation: validate_all_soft: 1 failures
2026-05-01 09:11:56  INFO      src.validation: Running validate_all: Synthetic valid test
2026-05-01 09:11:56  INFO      src.validation: Row count check PASSED: 191,000
2026-05-01 09:11:56  INFO      src.validation: Missing code check PASSED
2026-05-01 09:11:56  INFO      src.validation: Z-score scale check PASSED
2026-05-01 09:11:56  INFO      src.validation: Label binary check PASSED
2026-05-01 09:11:56  INFO      src.validation: Duplicate check PASSED: 0 duplicates
2026-05-01 09:11:56  INFO      src.validation: stunted: 34.9%  (threshold 30%–42%)
2026-05-01 09:11:56  INFO      src.validation: underweight: 32.0%  (threshold 30%–35%)
2026-05-01 09:11:56  INFO      src.validation: wasted: 19.0%  (threshold 17%–22%)
2026-05-01 09:11:56  INFO      src.validation: Prevalence check PASSED for all three phenotypes
2026-05-01 09:11:56  INFO      src.validation: validate_all PASSED
2026-05-01 09:11:56  INFO      src.validation: stunted: 10.0%  (threshold 30%–42%)
2026-05-01 09:11:56  INFO      src.validation: stunted: 34.9%  (threshold 30%–42%)
2026-05-01 09:11:56  INFO      src.validation: underweight: 45.0%  (threshold 30%–35%)
2026-05-01 09:11:56  INFO      src.validation: stunted: 34.9%  (threshold 30%–42%)
2026-05-01 09:11:56  INFO      src.validation: underweight: 32.0%  (threshold 30%–35%)
2026-05-01 09:11:56  INFO      src.validation: wasted: 5.0%  (threshold 17%–22%)
2026-05-01 09:11:56  INFO      src.validation: Row count check PASSED: 191,000
2026-05-01 09:11:56  INFO      src.validation: Missing code check PASSED
2026-05-01 09:11:56  INFO      src.validation: Z-score scale check PASSED
2026-05-01 09:11:56  INFO      src.validation: Label binary check PASSED
2026-05-01 09:11:56  INFO      src.validation: Duplicate check PASSED: 0 duplicates
2026-05-01 09:11:56  INFO      src.validation: stunted: 0.0%  (threshold 30%–42%)
2026-05-01 09:11:56  INFO      src.validation: underweight: 32.0%  (threshold 30%–35%)
2026-05-01 09:11:56  INFO      src.validation: wasted: 0.0%  (threshold 17%–22%)
2026-05-01 09:11:56  WARNING   src.validation: Prevalence check FAILED for 2 phenotypes
2026-05-01 09:11:56  WARNING   src.validation: validate_all_soft: 2 failures
2026-05-01 09:11:56  INFO      src.validation: stunted: 10.0%  (threshold 30%–42%)
2026-05-01 09:12:07  INFO      src.validation: Running validate_all: Synthetic valid test
2026-05-01 09:12:07  INFO      src.validation: Row count check PASSED: 191,000
2026-05-01 09:12:07  INFO      src.validation: Missing code check PASSED
2026-05-01 09:12:07  INFO      src.validation: Z-score scale check PASSED
2026-05-01 09:12:07  INFO      src.validation: Label binary check PASSED
2026-05-01 09:12:07  INFO      src.validation: Duplicate check PASSED: 0 duplicates
2026-05-01 09:12:07  INFO      src.validation: stunted: 34.9%  (threshold 30%–42%)
2026-05-01 09:12:07  INFO      src.validation: underweight: 32.0%  (threshold 30%–35%)
2026-05-01 09:12:07  INFO      src.validation: wasted: 19.0%  (threshold 17%–22%)
2026-05-01 09:12:07  INFO      src.validation: Prevalence check PASSED for all three phenotypes
2026-05-01 09:12:07  INFO      src.validation: validate_all PASSED
2026-05-01 09:12:07  INFO      src.validation: stunted: 10.0%  (threshold 30%–42%)
2026-05-01 09:12:07  INFO      src.validation: stunted: 34.9%  (threshold 30%–42%)
2026-05-01 09:12:07  INFO      src.validation: underweight: 45.0%  (threshold 30%–35%)
2026-05-01 09:12:07  INFO      src.validation: stunted: 34.9%  (threshold 30%–42%)
2026-05-01 09:12:07  INFO      src.validation: underweight: 32.0%  (threshold 30%–35%)
2026-05-01 09:12:07  INFO      src.validation: wasted: 5.0%  (threshold 17%–22%)
2026-05-01 09:12:07  INFO      src.validation: Row count check PASSED: 191,000
2026-05-01 09:12:07  INFO      src.validation: Missing code check PASSED
2026-05-01 09:12:07  INFO      src.validation: Z-score scale check PASSED
2026-05-01 09:12:07  INFO      src.validation: Label binary check PASSED
2026-05-01 09:12:07  INFO      src.validation: Duplicate check PASSED: 0 duplicates
2026-05-01 09:12:07  INFO      src.validation: stunted: 0.0%  (threshold 30%–42%)
2026-05-01 09:12:07  INFO      src.validation: underweight: 32.0%  (threshold 30%–35%)
2026-05-01 09:12:07  INFO      src.validation: wasted: 0.0%  (threshold 17%–22%)
2026-05-01 09:12:07  WARNING   src.validation: Prevalence check FAILED for 2 phenotypes
2026-05-01 09:12:07  WARNING   src.validation: validate_all_soft: 2 failures
2026-05-01 09:12:07  INFO      src.validation: stunted: 10.0%  (threshold 30%–42%)
2026-05-01 09:16:47  INFO      __main__: Loading nfhs5_cleaned.csv...
2026-05-01 09:16:47  INFO      src.validation: Row count check PASSED: 229,048
2026-05-01 09:16:48  INFO      src.validation: Missing code check PASSED
2026-05-01 09:16:48  INFO      src.validation: Z-score scale check PASSED
2026-05-01 09:16:48  INFO      src.validation: Label binary check PASSED
2026-05-01 09:16:48  INFO      src.validation: stunted: 35.5%  (threshold 30%–42%)
2026-05-01 09:16:48  INFO      src.validation: underweight: 30.9%  (threshold 30%–35%)
2026-05-01 09:16:48  INFO      src.validation: wasted: 18.6%  (threshold 17%–22%)
2026-05-01 09:16:48  INFO      src.validation: Prevalence check PASSED for all three phenotypes
2026-05-01 09:16:48  WARNING   src.validation: validate_all_soft: 1 failures
2026-05-01 09:16:48  INFO      __main__: Saved: reports/tables/validation_summary.csv
2026-05-01 09:17:43  INFO      src.validation: Row count check PASSED: 190,100
2026-05-01 09:17:43  INFO      src.validation: Missing code check PASSED
2026-05-01 09:17:43  INFO      src.validation: Z-score scale check PASSED
2026-05-01 09:17:43  INFO      src.validation: Label binary check PASSED
2026-05-01 09:17:43  INFO      src.validation: Duplicate check PASSED: 0 duplicates
2026-05-01 09:17:43  INFO      src.validation: stunted: 5.0%  (threshold 30%–42%)
2026-05-01 09:17:43  INFO      src.validation: underweight: 31.9%  (threshold 30%–35%)
2026-05-01 09:17:43  INFO      src.validation: wasted: 19.1%  (threshold 17%–22%)
2026-05-01 09:17:43  WARNING   src.validation: Prevalence check FAILED for 1 phenotypes
2026-05-01 09:17:43  WARNING   src.validation: validate_all_soft: 1 failures
2026-05-01 09:20:19  INFO      __main__: Loading nfhs5_cleaned.csv...
2026-05-01 09:20:20  INFO      src.validation: Row count check PASSED: 229,048
2026-05-01 09:20:20  INFO      src.validation: Missing code check PASSED
2026-05-01 09:20:20  INFO      src.validation: Z-score scale check PASSED
2026-05-01 09:20:20  INFO      src.validation: Label binary check PASSED
2026-05-01 09:20:20  INFO      src.validation: stunted: 35.5%  (threshold 30%–42%)
2026-05-01 09:20:20  INFO      src.validation: underweight: 30.9%  (threshold 30%–35%)
2026-05-01 09:20:20  INFO      src.validation: wasted: 18.6%  (threshold 17%–22%)
2026-05-01 09:20:20  INFO      src.validation: Prevalence check PASSED for all three phenotypes
2026-05-01 09:20:20  WARNING   src.validation: validate_all_soft: 1 failures
2026-05-01 09:20:20  INFO      __main__: Saved: reports/tables/validation_summary.csv
2026-05-01 09:24:31  INFO      __main__: Loading nfhs5_cleaned.csv...
2026-05-01 09:24:31  INFO      src.validation: Row count check PASSED: 229,048
2026-05-01 09:24:32  INFO      src.validation: Missing code check PASSED
2026-05-01 09:24:32  INFO      src.validation: Z-score scale check PASSED
2026-05-01 09:24:32  INFO      src.validation: Label binary check PASSED
2026-05-01 09:24:32  INFO      src.validation: stunted: 35.5%  (threshold 30%–42%)
2026-05-01 09:24:32  INFO      src.validation: underweight: 30.9%  (threshold 30%–35%)
2026-05-01 09:24:32  INFO      src.validation: wasted: 18.6%  (threshold 17%–22%)
2026-05-01 09:24:32  INFO      src.validation: Prevalence check PASSED for all three phenotypes
2026-05-01 09:24:32  WARNING   src.validation: validate_all_soft: 1 failures
2026-05-01 09:24:32  INFO      __main__: Saved: reports/tables/validation_summary.csv
2026-05-01 09:26:11  INFO      __main__: Environment validated
2026-05-01 09:26:14  INFO      src.data_loader: Loaded: 232,920 rows x 14 columns
2026-05-01 09:26:15  INFO      src.data_loader: Missing code replacement: 19,068 Z-score values → NaN
2026-05-01 09:26:15  INFO      src.data_loader: Z-scores scaled. Final shape: (232920, 14)
2026-05-01 09:26:15  INFO      src.labels: WHO thresholds applied: stunted=-2.0, underweight=-2.0, wasted=-2.0
2026-05-01 09:26:15  INFO      src.preprocessing: Starting full preprocessing pipeline...
2026-05-01 09:26:15  INFO      src.preprocessing: Input: 232,920 rows x 17 columns
2026-05-01 09:26:15  INFO      src.preprocessing: Duplicates removed: 3,872. Rows remaining: 229,048
2026-05-01 09:26:15  WARNING   src.preprocessing: No SC/ST column found. Searched: ['V131', 'S116', 'SH46', 'V130']. Fairness audit for Scheduled Tribe subgroup will be unavailable. Consider requesting the Household Members Recode (PR) file from DHS.
2026-05-01 09:26:15  INFO      src.preprocessing: Categorical encoding applied to: []
2026-05-01 09:26:15  INFO      src.preprocessing: Median imputation applied to 11 numeric columns
2026-05-01 09:26:15  INFO      src.preprocessing: Not imputed (protected): ['HAZ', 'WAZ', 'WHZ', 'stunted', 'underweight', 'wasted']
2026-05-01 09:26:15  WARNING   src.preprocessing: M19 (birth weight) column not found — skipping outlier cap
2026-05-01 09:26:15  WARNING   src.preprocessing: No SDI components found — skipping index construction
2026-05-01 09:26:15  INFO      src.preprocessing: Pipeline complete. Output: 229,048 rows x 17 columns
2026-05-01 09:26:15  INFO      src.labels: Label validation: PASSED
2026-05-01 09:26:15  INFO      src.labels: ─── Label Audit ───
2026-05-01 09:26:15  INFO      src.labels:   stunted: 35.5% prevalence
2026-05-01 09:26:15  INFO      src.labels:   underweight: 30.9% prevalence
2026-05-01 09:26:15  INFO      src.labels:   wasted: 18.6% prevalence
2026-05-01 09:26:15  INFO      src.labels:   stunted: scale_pos_weight = 1.7864
2026-05-01 09:26:15  INFO      src.labels:   underweight: scale_pos_weight = 2.4099
2026-05-01 09:26:15  INFO      src.labels:   wasted: scale_pos_weight = 4.3937
2026-05-01 09:26:17  WARNING   src.preprocessing: Dropped 30,252 rows with missing target labels before train/test split.
2026-05-01 09:26:18  INFO      src.preprocessing: Train/test split: 159,036 train | 39,760 test (20% test, stratified on stunted)
2026-05-01 09:26:38  INFO      __main__: Loading nfhs5_cleaned.csv...
2026-05-01 09:26:38  INFO      src.validation: Row count check PASSED: 229,048
2026-05-01 09:26:38  INFO      src.validation: Missing code check PASSED
2026-05-01 09:26:38  INFO      src.validation: Z-score scale check PASSED
2026-05-01 09:26:39  INFO      src.validation: Label binary check PASSED
2026-05-01 09:26:39  INFO      src.validation: stunted: 35.5%  (threshold 30%–42%)
2026-05-01 09:26:39  INFO      src.validation: underweight: 30.9%  (threshold 30%–35%)
2026-05-01 09:26:39  INFO      src.validation: wasted: 18.6%  (threshold 17%–22%)
2026-05-01 09:26:39  INFO      src.validation: Prevalence check PASSED for all three phenotypes
2026-05-01 09:26:39  WARNING   src.validation: validate_all_soft: 1 failures
2026-05-01 09:26:39  INFO      __main__: Saved: reports/tables/validation_summary.csv
2026-05-01 09:32:19  INFO      __main__: Environment validated
2026-05-01 09:32:22  INFO      src.data_loader: Loaded: 232,920 rows x 14 columns
2026-05-01 09:32:22  INFO      src.data_loader: Missing code replacement: 19,068 Z-score values → NaN
2026-05-01 09:32:23  INFO      src.data_loader: Z-scores scaled. Final shape: (232920, 14)
2026-05-01 09:32:23  INFO      src.labels: WHO thresholds applied: stunted=-2.0, underweight=-2.0, wasted=-2.0
2026-05-01 09:32:23  INFO      src.preprocessing: Starting full preprocessing pipeline...
2026-05-01 09:32:23  INFO      src.preprocessing: Input: 232,920 rows x 17 columns
2026-05-01 09:32:23  INFO      src.preprocessing: Duplicates removed: 3,872. Rows remaining: 229,048
2026-05-01 09:32:23  WARNING   src.preprocessing: No SC/ST column found. Searched: ['V131', 'S116', 'SH46', 'V130']. Fairness audit for Scheduled Tribe subgroup will be unavailable. Consider requesting the Household Members Recode (PR) file from DHS.
2026-05-01 09:32:23  INFO      src.preprocessing: Categorical encoding applied to: []
2026-05-01 09:32:23  INFO      src.preprocessing: Median imputation applied to 11 numeric columns
2026-05-01 09:32:23  INFO      src.preprocessing: Not imputed (protected): ['HAZ', 'WAZ', 'WHZ', 'stunted', 'underweight', 'wasted']
2026-05-01 09:32:23  WARNING   src.preprocessing: M19 (birth weight) column not found — skipping outlier cap
2026-05-01 09:32:23  WARNING   src.preprocessing: No SDI components found — skipping index construction
2026-05-01 09:32:23  INFO      src.preprocessing: Duplicates removed: 692. Rows remaining: 228,356
2026-05-01 09:32:23  INFO      src.preprocessing: Pipeline complete. Output: 228,356 rows x 17 columns
2026-05-01 09:32:23  INFO      src.labels: Label validation: PASSED
2026-05-01 09:32:23  INFO      src.labels: ─── Label Audit ───
2026-05-01 09:32:23  INFO      src.labels:   stunted: 35.5% prevalence
2026-05-01 09:32:23  INFO      src.labels:   underweight: 30.9% prevalence
2026-05-01 09:32:23  INFO      src.labels:   wasted: 18.6% prevalence
2026-05-01 09:32:23  INFO      src.labels:   stunted: scale_pos_weight = 1.7864
2026-05-01 09:32:23  INFO      src.labels:   underweight: scale_pos_weight = 2.4099
2026-05-01 09:32:23  INFO      src.labels:   wasted: scale_pos_weight = 4.3937
2026-05-01 09:32:25  WARNING   src.preprocessing: Dropped 29,560 rows with missing target labels before train/test split.
2026-05-01 09:32:25  INFO      src.preprocessing: Train/test split: 159,036 train | 39,760 test (20% test, stratified on stunted)
2026-05-01 09:32:42  INFO      __main__: Loading nfhs5_cleaned.csv...
2026-05-01 09:32:42  INFO      src.validation: Row count check PASSED: 228,356
2026-05-01 09:32:42  INFO      src.validation: Missing code check PASSED
2026-05-01 09:32:42  INFO      src.validation: Z-score scale check PASSED
2026-05-01 09:32:42  INFO      src.validation: Label binary check PASSED
2026-05-01 09:32:42  INFO      src.validation: Duplicate check PASSED: 0 duplicates
2026-05-01 09:32:42  INFO      src.validation: stunted: 35.5%  (threshold 30%–42%)
2026-05-01 09:32:42  INFO      src.validation: underweight: 30.9%  (threshold 30%–35%)
2026-05-01 09:32:42  INFO      src.validation: wasted: 18.6%  (threshold 17%–22%)
2026-05-01 09:32:42  INFO      src.validation: Prevalence check PASSED for all three phenotypes
2026-05-01 09:32:42  INFO      src.validation: validate_all_soft PASSED
2026-05-01 09:32:42  INFO      __main__: Saved: reports/tables/validation_summary.csv
2026-05-01 09:33:33  INFO      __main__: Loading nfhs5_cleaned.csv...
2026-05-01 09:33:33  INFO      src.validation: Row count check PASSED: 228,356
2026-05-01 09:33:34  INFO      src.validation: Missing code check PASSED
2026-05-01 09:33:34  INFO      src.validation: Z-score scale check PASSED
2026-05-01 09:33:34  INFO      src.validation: Label binary check PASSED
2026-05-01 09:33:34  INFO      src.validation: Duplicate check PASSED: 0 duplicates
2026-05-01 09:33:34  INFO      src.validation: stunted: 35.5%  (threshold 30%–42%)
2026-05-01 09:33:34  INFO      src.validation: underweight: 30.9%  (threshold 30%–35%)
2026-05-01 09:33:34  INFO      src.validation: wasted: 18.6%  (threshold 17%–22%)
2026-05-01 09:33:34  INFO      src.validation: Prevalence check PASSED for all three phenotypes
2026-05-01 09:33:34  INFO      src.validation: validate_all_soft PASSED
2026-05-01 09:33:34  INFO      __main__: Saved: reports/tables/validation_summary.csv
2026-05-01 11:26:12  INFO      01_data_loading: Loaded: 228,356 rows x 17 columns
2026-05-01 11:32:11  INFO      src.validation: stunted: 35.5%  (threshold 30%–42%)
2026-05-01 11:32:11  INFO      src.validation: underweight: 30.9%  (threshold 30%–35%)
2026-05-01 11:32:11  INFO      src.validation: wasted: 18.6%  (threshold 17%–22%)
2026-05-01 11:32:11  INFO      src.validation: Prevalence check PASSED for all three phenotypes
2026-05-01 11:33:18  WARNING   src.preprocessing: No SC/ST column found. Searched: ['V131', 'S116', 'SH46', 'V130']. Fairness audit for Scheduled Tribe subgroup will be unavailable. Consider requesting the Household Members Recode (PR) file from DHS.
2026-05-01 11:37:13  WARNING   src.preprocessing: No SC/ST column found. Searched: ['V131', 'S116', 'SH46', 'V130']. Fairness audit for Scheduled Tribe subgroup will be unavailable. Consider requesting the Household Members Recode (PR) file from DHS.
2026-05-01 11:37:20  WARNING   src.preprocessing: No SC/ST column found. Searched: ['V131', 'S116', 'SH46', 'V130']. Fairness audit for Scheduled Tribe subgroup will be unavailable. Consider requesting the Household Members Recode (PR) file from DHS.
2026-05-01 11:37:48  WARNING   src.preprocessing: No SC/ST column found. Searched: ['V131', 'S116', 'SH46', 'V130']. Fairness audit for Scheduled Tribe subgroup will be unavailable. Consider requesting the Household Members Recode (PR) file from DHS.
2026-05-01 11:42:38  INFO      01_data_loading: Loaded: 228,356 rows x 17 columns
2026-05-01 11:42:44  INFO      src.validation: stunted: 35.5%  (threshold 30%–42%)
2026-05-01 11:42:44  INFO      src.validation: underweight: 30.9%  (threshold 30%–35%)
2026-05-01 11:42:44  INFO      src.validation: wasted: 18.6%  (threshold 17%–22%)
2026-05-01 11:42:44  INFO      src.validation: Prevalence check PASSED for all three phenotypes
2026-05-01 11:42:46  WARNING   src.preprocessing: No SC/ST column found. Searched: ['V131', 'S116', 'SH46', 'V130']. Fairness audit for Scheduled Tribe subgroup will be unavailable. Consider requesting the Household Members Recode (PR) file from DHS.
2026-05-01 11:44:48  WARNING   src.preprocessing: No SC/ST column found. Searched: ['V131', 'S116', 'SH46', 'V130']. Fairness audit for Scheduled Tribe subgroup will be unavailable. Consider requesting the Household Members Recode (PR) file from DHS.
2026-05-01 12:10:07  INFO      src.data_loader: Loaded: 232,920 rows x 14 columns
2026-05-01 12:10:08  INFO      src.data_loader: Missing code replacement: 19,068 Z-score values → NaN
2026-05-01 12:10:08  INFO      src.data_loader: Z-scores scaled. Final shape: (232920, 14)
2026-05-01 12:10:08  INFO      src.data_loader: Labels created. Rows: 211,639 (dropped 21,274). Stunted: 34.5% | Underweight: 30.7% | Wasted: 17.7%
2026-05-01 12:10:27  INFO      src.data_loader: Labels created. Rows: 5 (dropped 0). Stunted: 40.0% | Underweight: 40.0% | Wasted: 20.0%
2026-05-01 12:10:27  INFO      src.data_loader: Labels created. Rows: 5 (dropped 0). Stunted: 40.0% | Underweight: 40.0% | Wasted: 20.0%
2026-05-01 12:10:27  INFO      src.data_loader: Labels created. Rows: 5 (dropped 0). Stunted: 40.0% | Underweight: 40.0% | Wasted: 20.0%
2026-05-01 12:10:27  INFO      src.data_loader: Labels created. Rows: 5 (dropped 0). Stunted: 40.0% | Underweight: 40.0% | Wasted: 20.0%
2026-05-01 12:10:27  INFO      src.data_loader: Labels created. Rows: 2 (dropped 1). Stunted: 50.0% | Underweight: 50.0% | Wasted: 50.0%
2026-05-01 12:10:27  INFO      src.data_loader: Labels created. Rows: 1 (dropped 0). Stunted: 0.0% | Underweight: 100.0% | Wasted: 0.0%
2026-05-01 12:10:27  INFO      src.data_loader: Labels created. Rows: 1 (dropped 0). Stunted: 100.0% | Underweight: 100.0% | Wasted: 100.0%
2026-05-01 12:17:29  INFO      src.data_loader: Labels created. Rows: 5 (dropped 0). Stunted: 40.0% | Underweight: 40.0% | Wasted: 20.0%
2026-05-01 12:17:29  INFO      src.data_loader: Labels created. Rows: 5 (dropped 0). Stunted: 40.0% | Underweight: 40.0% | Wasted: 20.0%
2026-05-01 12:17:29  INFO      src.data_loader: Labels created. Rows: 5 (dropped 0). Stunted: 40.0% | Underweight: 40.0% | Wasted: 20.0%
2026-05-01 12:17:29  INFO      src.data_loader: Labels created. Rows: 5 (dropped 0). Stunted: 40.0% | Underweight: 40.0% | Wasted: 20.0%
2026-05-01 12:17:29  INFO      src.data_loader: Labels created. Rows: 2 (dropped 1). Stunted: 50.0% | Underweight: 50.0% | Wasted: 50.0%
2026-05-01 12:17:29  INFO      src.data_loader: Labels created. Rows: 1 (dropped 0). Stunted: 0.0% | Underweight: 100.0% | Wasted: 0.0%
2026-05-01 12:17:29  INFO      src.data_loader: Labels created. Rows: 1 (dropped 0). Stunted: 100.0% | Underweight: 100.0% | Wasted: 100.0%
2026-05-01 12:24:36  INFO      src.data_loader: Labels created. Rows: 5 (dropped 0). Stunted: 40.0% | Underweight: 40.0% | Wasted: 20.0%
2026-05-01 12:24:36  INFO      src.data_loader: Labels created. Rows: 5 (dropped 0). Stunted: 40.0% | Underweight: 40.0% | Wasted: 20.0%
2026-05-01 12:24:36  INFO      src.data_loader: Labels created. Rows: 5 (dropped 0). Stunted: 40.0% | Underweight: 40.0% | Wasted: 20.0%
2026-05-01 12:24:36  INFO      src.data_loader: Labels created. Rows: 5 (dropped 0). Stunted: 40.0% | Underweight: 40.0% | Wasted: 20.0%
2026-05-01 12:24:36  INFO      src.data_loader: Labels created. Rows: 2 (dropped 1). Stunted: 50.0% | Underweight: 50.0% | Wasted: 50.0%
2026-05-01 12:24:36  INFO      src.data_loader: Labels created. Rows: 1 (dropped 0). Stunted: 0.0% | Underweight: 100.0% | Wasted: 0.0%
2026-05-01 12:24:36  INFO      src.data_loader: Labels created. Rows: 1 (dropped 0). Stunted: 100.0% | Underweight: 100.0% | Wasted: 100.0%
2026-05-01 12:26:10  INFO      __main__: Environment validated
2026-05-01 12:26:16  INFO      src.data_loader: Loaded: 232,920 rows x 14 columns
2026-05-01 12:26:17  INFO      src.data_loader: Missing code replacement: 19,068 Z-score values → NaN
2026-05-01 12:26:17  INFO      src.data_loader: Z-scores scaled. Final shape: (232920, 14)
2026-05-01 12:26:17  INFO      src.labels: WHO thresholds applied: stunted=-2.0, underweight=-2.0, wasted=-2.0
2026-05-01 12:26:17  INFO      src.preprocessing: Starting full preprocessing pipeline...
2026-05-01 12:26:17  INFO      src.preprocessing: Input: 232,920 rows x 17 columns
2026-05-01 12:26:17  INFO      src.preprocessing: Duplicates removed: 3,872. Rows remaining: 229,048
2026-05-01 12:26:17  WARNING   src.preprocessing: No SC/ST column found. Searched: ['V131', 'S116', 'SH46', 'V130']. Fairness audit for Scheduled Tribe subgroup will be unavailable. Consider requesting the Household Members Recode (PR) file from DHS.
2026-05-01 12:26:17  INFO      src.preprocessing: Categorical encoding applied to: []
2026-05-01 12:26:18  INFO      src.preprocessing: Median imputation applied to 11 numeric columns
2026-05-01 12:26:18  INFO      src.preprocessing: Not imputed (protected): ['HAZ', 'WAZ', 'WHZ', 'stunted', 'underweight', 'wasted']
2026-05-01 12:26:18  WARNING   src.preprocessing: M19 (birth weight) column not found — skipping outlier cap
2026-05-01 12:26:18  WARNING   src.preprocessing: No SDI components found — skipping index construction
2026-05-01 12:26:18  INFO      src.preprocessing: Duplicates removed: 692. Rows remaining: 228,356
2026-05-01 12:26:18  INFO      src.preprocessing: Pipeline complete. Output: 228,356 rows x 17 columns
2026-05-01 12:26:18  INFO      src.labels: Label validation: PASSED
2026-05-01 12:26:18  INFO      src.labels: ─── Label Audit ───
2026-05-01 12:26:18  INFO      src.labels:   stunted: 35.5% prevalence
2026-05-01 12:26:18  INFO      src.labels:   underweight: 30.9% prevalence
2026-05-01 12:26:18  INFO      src.labels:   wasted: 18.6% prevalence
2026-05-01 12:26:18  INFO      src.labels:   stunted: scale_pos_weight = 1.7864
2026-05-01 12:26:18  INFO      src.labels:   underweight: scale_pos_weight = 2.4099
2026-05-01 12:26:18  INFO      src.labels:   wasted: scale_pos_weight = 4.3937
2026-05-01 12:26:20  WARNING   src.preprocessing: Dropped 29,560 rows with missing target labels before train/test split.
2026-05-01 12:26:20  INFO      src.preprocessing: Train/test split: 159,036 train | 39,760 test (20% test, stratified on stunted)
2026-05-01 12:27:55  INFO      __main__: Loading nfhs5_cleaned.csv...
2026-05-01 12:27:55  INFO      src.validation: Row count check PASSED: 228,356
2026-05-01 12:27:55  INFO      src.validation: Missing code check PASSED
2026-05-01 12:27:55  INFO      src.validation: Z-score scale check PASSED
2026-05-01 12:27:55  INFO      src.validation: Label binary check PASSED
2026-05-01 12:27:55  INFO      src.validation: Duplicate check PASSED: 0 duplicates
2026-05-01 12:27:55  INFO      src.validation: stunted: 35.5%  (threshold 30%–42%)
2026-05-01 12:27:55  INFO      src.validation: underweight: 30.9%  (threshold 30%–35%)
2026-05-01 12:27:55  INFO      src.validation: wasted: 18.6%  (threshold 17%–22%)
2026-05-01 12:27:55  INFO      src.validation: Prevalence check PASSED for all three phenotypes
2026-05-01 12:27:55  INFO      src.validation: validate_all_soft PASSED
2026-05-01 12:27:56  INFO      __main__: Saved: reports/tables/validation_summary.csv
2026-05-01 12:28:26  INFO      src.data_loader: Loaded: 232,920 rows x 14 columns
2026-05-01 12:28:27  INFO      src.data_loader: Missing code replacement: 19,068 Z-score values → NaN
2026-05-01 12:28:27  INFO      src.data_loader: Z-scores scaled. Final shape: (232920, 14)
2026-05-01 12:28:27  INFO      src.data_loader: Labels created. Rows: 211,639 (dropped 21,274). Stunted: 34.5% | Underweight: 30.7% | Wasted: 17.7%
2026-05-01 12:30:14  INFO      01_data_loading: Loaded: 228,356 rows x 17 columns
2026-05-01 12:30:21  INFO      src.validation: stunted: 35.5%  (threshold 30%–42%)
2026-05-01 12:30:21  INFO      src.validation: underweight: 30.9%  (threshold 30%–35%)
2026-05-01 12:30:21  INFO      src.validation: wasted: 18.6%  (threshold 17%–22%)
2026-05-01 12:30:21  INFO      src.validation: Prevalence check PASSED for all three phenotypes
2026-05-01 12:30:22  WARNING   src.preprocessing: No SC/ST column found. Searched: ['V131', 'S116', 'SH46', 'V130']. Fairness audit for Scheduled Tribe subgroup will be unavailable. Consider requesting the Household Members Recode (PR) file from DHS.
2026-05-02 04:46:08  INFO      01_data_loading: Loaded: 228,356 rows x 17 columns
2026-05-02 04:46:14  INFO      src.validation: stunted: 35.5%  (threshold 30%–42%)
2026-05-02 04:46:14  INFO      src.validation: underweight: 30.9%  (threshold 30%–35%)
2026-05-02 04:46:14  INFO      src.validation: wasted: 18.6%  (threshold 17%–22%)
2026-05-02 04:46:14  INFO      src.validation: Prevalence check PASSED for all three phenotypes
2026-05-02 04:46:17  WARNING   src.preprocessing: No SC/ST column found. Searched: ['V131', 'S116', 'SH46', 'V130']. Fairness audit for Scheduled Tribe subgroup will be unavailable. Consider requesting the Household Members Recode (PR) file from DHS.
2026-05-11 15:58:20  INFO      src.validation: Running validate_all: Synthetic valid test
2026-05-11 15:58:20  INFO      src.validation: Row count check PASSED: 191,000
2026-05-11 15:58:20  INFO      src.validation: Missing code check PASSED
2026-05-11 15:58:20  INFO      src.validation: Z-score scale check PASSED
2026-05-11 15:58:20  INFO      src.validation: Label binary check PASSED
2026-05-11 15:58:20  INFO      src.validation: Duplicate check PASSED: 0 duplicates
2026-05-11 15:58:20  INFO      src.validation: stunted: 34.9%  (threshold 30%–42%)
2026-05-11 15:58:20  INFO      src.validation: underweight: 32.0%  (threshold 30%–35%)
2026-05-11 15:58:20  INFO      src.validation: wasted: 19.0%  (threshold 17%–22%)
2026-05-11 15:58:20  INFO      src.validation: Prevalence check PASSED for all three phenotypes
2026-05-11 15:58:20  INFO      src.validation: validate_all PASSED
2026-05-11 15:58:20  INFO      src.validation: stunted: 10.0%  (threshold 30%–42%)
2026-05-11 15:58:20  INFO      src.validation: stunted: 34.9%  (threshold 30%–42%)
2026-05-11 15:58:20  INFO      src.validation: underweight: 45.0%  (threshold 30%–35%)
2026-05-11 15:58:20  INFO      src.validation: stunted: 34.9%  (threshold 30%–42%)
2026-05-11 15:58:20  INFO      src.validation: underweight: 32.0%  (threshold 30%–35%)
2026-05-11 15:58:20  INFO      src.validation: wasted: 5.0%  (threshold 17%–22%)
2026-05-11 15:58:20  INFO      src.validation: Row count check PASSED: 191,000
2026-05-11 15:58:20  INFO      src.validation: Missing code check PASSED
2026-05-11 15:58:20  INFO      src.validation: Z-score scale check PASSED
2026-05-11 15:58:20  INFO      src.validation: Label binary check PASSED
2026-05-11 15:58:20  INFO      src.validation: Duplicate check PASSED: 0 duplicates
2026-05-11 15:58:20  INFO      src.validation: stunted: 0.0%  (threshold 30%–42%)
2026-05-11 15:58:20  INFO      src.validation: underweight: 32.0%  (threshold 30%–35%)
2026-05-11 15:58:20  INFO      src.validation: wasted: 0.0%  (threshold 17%–22%)
2026-05-11 15:58:20  WARNING   src.validation: Prevalence check FAILED for 2 phenotypes
2026-05-11 15:58:20  WARNING   src.validation: validate_all_soft: 2 failures
2026-05-11 15:58:20  INFO      src.validation: stunted: 10.0%  (threshold 30%–42%)
2026-05-11 15:59:20  INFO      __main__: Loading nfhs5_cleaned.csv...
2026-05-11 15:59:21  INFO      src.validation: Row count check PASSED: 228,356
2026-05-11 15:59:22  INFO      src.validation: Missing code check PASSED
2026-05-11 15:59:22  INFO      src.validation: Z-score scale check PASSED
2026-05-11 15:59:22  INFO      src.validation: Label binary check PASSED
2026-05-11 15:59:22  INFO      src.validation: Duplicate check PASSED: 0 duplicates
2026-05-11 15:59:22  INFO      src.validation: stunted: 35.5%  (threshold 30%–42%)
2026-05-11 15:59:22  INFO      src.validation: underweight: 30.9%  (threshold 30%–35%)
2026-05-11 15:59:22  INFO      src.validation: wasted: 18.6%  (threshold 17%–22%)
2026-05-11 15:59:22  INFO      src.validation: Prevalence check PASSED for all three phenotypes
2026-05-11 15:59:22  INFO      src.validation: validate_all_soft PASSED
2026-05-11 15:59:23  INFO      __main__: Saved: reports/tables/validation_summary.csv
2026-05-11 15:59:52  INFO      src.validation: Row count check PASSED: 190,100
2026-05-11 15:59:52  INFO      src.validation: Missing code check PASSED
2026-05-11 15:59:52  INFO      src.validation: Z-score scale check PASSED
2026-05-11 15:59:52  INFO      src.validation: Label binary check PASSED
2026-05-11 15:59:52  INFO      src.validation: Duplicate check PASSED: 0 duplicates
2026-05-11 15:59:52  INFO      src.validation: stunted: 5.0%  (threshold 30%–42%)
2026-05-11 15:59:52  INFO      src.validation: underweight: 31.9%  (threshold 30%–35%)
2026-05-11 15:59:52  INFO      src.validation: wasted: 19.1%  (threshold 17%–22%)
2026-05-11 15:59:52  WARNING   src.validation: Prevalence check FAILED for 1 phenotypes
2026-05-11 15:59:52  WARNING   src.validation: validate_all_soft: 1 failures
2026-05-11 16:12:19  INFO      src.data_loader: Loaded: 232,920 rows x 14 columns
2026-05-11 16:12:20  INFO      src.data_loader: Missing code replacement: 19,068 Z-score values → NaN
2026-05-11 16:12:20  INFO      src.data_loader: Z-scores scaled. Final shape: (232920, 14)
2026-05-11 16:12:21  INFO      src.data_loader: Labels created. Rows: 211,639 (dropped 21,274). Stunted: 34.5% | Underweight: 30.7% | Wasted: 17.7%
2026-05-11 16:12:25  INFO      src.data_loader: Labels created. Rows: 5 (dropped 0). Stunted: 40.0% | Underweight: 40.0% | Wasted: 20.0%
2026-05-11 16:12:25  INFO      src.data_loader: Labels created. Rows: 5 (dropped 0). Stunted: 40.0% | Underweight: 40.0% | Wasted: 20.0%
2026-05-11 16:12:25  INFO      src.data_loader: Labels created. Rows: 5 (dropped 0). Stunted: 40.0% | Underweight: 40.0% | Wasted: 20.0%
2026-05-11 16:12:25  INFO      src.data_loader: Labels created. Rows: 5 (dropped 0). Stunted: 40.0% | Underweight: 40.0% | Wasted: 20.0%
2026-05-11 16:12:25  INFO      src.data_loader: Labels created. Rows: 2 (dropped 1). Stunted: 50.0% | Underweight: 50.0% | Wasted: 50.0%
2026-05-11 16:12:25  INFO      src.data_loader: Labels created. Rows: 1 (dropped 0). Stunted: 0.0% | Underweight: 100.0% | Wasted: 0.0%
2026-05-11 16:12:25  INFO      src.data_loader: Labels created. Rows: 1 (dropped 0). Stunted: 100.0% | Underweight: 100.0% | Wasted: 100.0%
2026-05-11 16:19:38  INFO      src.data_loader: Labels created. Rows: 5 (dropped 0). Stunted: 40.0% | Underweight: 40.0% | Wasted: 20.0%
2026-05-11 16:19:38  INFO      src.data_loader: Labels created. Rows: 5 (dropped 0). Stunted: 40.0% | Underweight: 40.0% | Wasted: 20.0%
2026-05-11 16:19:38  INFO      src.data_loader: Labels created. Rows: 5 (dropped 0). Stunted: 40.0% | Underweight: 40.0% | Wasted: 20.0%
2026-05-11 16:19:38  INFO      src.data_loader: Labels created. Rows: 5 (dropped 0). Stunted: 40.0% | Underweight: 40.0% | Wasted: 20.0%
2026-05-11 16:19:38  INFO      src.data_loader: Labels created. Rows: 2 (dropped 1). Stunted: 50.0% | Underweight: 50.0% | Wasted: 50.0%
2026-05-11 16:19:38  INFO      src.data_loader: Labels created. Rows: 1 (dropped 0). Stunted: 0.0% | Underweight: 100.0% | Wasted: 0.0%
2026-05-11 16:20:01  INFO      __main__: Environment validated
2026-05-11 16:20:06  INFO      src.data_loader: Loaded: 232,920 rows x 14 columns
2026-05-11 16:20:07  INFO      src.data_loader: Missing code replacement: 19,068 Z-score values → NaN
2026-05-11 16:20:07  INFO      src.data_loader: Z-scores scaled. Final shape: (232920, 14)
2026-05-11 16:20:07  INFO      src.labels: WHO thresholds applied: stunted=-2.0, underweight=-2.0, wasted=-2.0
2026-05-11 16:20:07  INFO      src.preprocessing: Starting full preprocessing pipeline...
2026-05-11 16:20:07  INFO      src.preprocessing: Input: 232,920 rows x 17 columns
2026-05-11 16:20:07  INFO      src.preprocessing: Duplicates removed: 3,872. Rows remaining: 229,048
2026-05-11 16:20:07  WARNING   src.preprocessing: No SC/ST column found. Searched: ['V131', 'S116', 'SH46', 'V130']. Fairness audit for Scheduled Tribe subgroup will be unavailable. Consider requesting the Household Members Recode (PR) file from DHS.
2026-05-11 16:20:07  INFO      src.preprocessing: Categorical encoding applied to: []
2026-05-11 16:20:07  INFO      src.preprocessing: Median imputation applied to 11 numeric columns
2026-05-11 16:20:07  INFO      src.preprocessing: Not imputed (protected): ['HAZ', 'WAZ', 'WHZ', 'stunted', 'underweight', 'wasted']
2026-05-11 16:20:07  WARNING   src.preprocessing: M19 (birth weight) column not found — skipping outlier cap
2026-05-11 16:20:07  WARNING   src.preprocessing: No SDI components found — skipping index construction
2026-05-11 16:20:07  INFO      src.preprocessing: Duplicates removed: 692. Rows remaining: 228,356
2026-05-11 16:20:07  INFO      src.preprocessing: Pipeline complete. Output: 228,356 rows x 17 columns
2026-05-11 16:20:07  INFO      src.labels: Label validation: PASSED
2026-05-11 16:20:07  INFO      src.labels: ─── Label Audit ───
2026-05-11 16:20:07  INFO      src.labels:   stunted: 35.5% prevalence
2026-05-11 16:20:07  INFO      src.labels:   underweight: 30.9% prevalence
2026-05-11 16:20:07  INFO      src.labels:   wasted: 18.6% prevalence
2026-05-11 16:20:07  INFO      src.labels:   stunted: scale_pos_weight = 1.7864
2026-05-11 16:20:07  INFO      src.labels:   underweight: scale_pos_weight = 2.4099
2026-05-11 16:20:07  INFO      src.labels:   wasted: scale_pos_weight = 4.3937
2026-05-11 16:20:09  WARNING   src.preprocessing: Dropped 29,560 rows with missing target labels before train/test split.
2026-05-11 16:20:09  INFO      src.preprocessing: Train/test split: 159,036 train | 39,760 test (20% test, stratified on stunted)
2026-05-11 16:20:26  INFO      __main__: Loading nfhs5_cleaned.csv...
2026-05-11 16:20:26  INFO      src.validation: Row count check PASSED: 228,356
2026-05-11 16:20:27  INFO      src.validation: Missing code check PASSED
2026-05-11 16:20:27  INFO      src.validation: Z-score scale check PASSED
2026-05-11 16:20:27  INFO      src.validation: Label binary check PASSED
2026-05-11 16:20:27  INFO      src.validation: Duplicate check PASSED: 0 duplicates
2026-05-11 16:20:27  INFO      src.validation: stunted: 35.5%  (threshold 30%–42%)
2026-05-11 16:20:27  INFO      src.validation: underweight: 30.9%  (threshold 30%–35%)
2026-05-11 16:20:27  INFO      src.validation: wasted: 18.6%  (threshold 17%–22%)
2026-05-11 16:20:27  INFO      src.validation: Prevalence check PASSED for all three phenotypes
2026-05-11 16:20:27  INFO      src.validation: validate_all_soft PASSED
2026-05-11 16:20:27  INFO      __main__: Saved: reports/tables/validation_summary.csv
2026-05-11 16:20:43  INFO      src.data_loader: Loaded: 232,920 rows x 14 columns
2026-05-11 16:20:44  INFO      src.data_loader: Missing code replacement: 19,068 Z-score values → NaN
2026-05-11 16:20:44  INFO      src.data_loader: Z-scores scaled. Final shape: (232920, 14)
2026-05-11 16:20:44  INFO      src.data_loader: Labels created. Rows: 211,639 (dropped 21,274). Stunted: 34.5% | Underweight: 30.7% | Wasted: 17.7%
2026-05-11 16:25:05  INFO      src.data_loader: Loaded: 232,920 rows x 14 columns
2026-05-11 16:25:06  INFO      src.data_loader: Missing code replacement: 19,068 Z-score values → NaN
2026-05-11 16:25:06  INFO      src.data_loader: Z-scores scaled. Final shape: (232920, 14)
2026-05-11 16:25:06  INFO      src.data_loader: Labels created. Rows: 211,639 (dropped 21,274). Stunted: 34.5% | Underweight: 30.7% | Wasted: 17.7%
2026-05-11 16:25:08  INFO      src.data_loader: Labels created. Rows: 5 (dropped 0). Stunted: 40.0% | Underweight: 40.0% | Wasted: 20.0%
2026-05-11 16:25:08  INFO      src.data_loader: Labels created. Rows: 5 (dropped 0). Stunted: 40.0% | Underweight: 40.0% | Wasted: 20.0%
2026-05-11 16:25:08  INFO      src.data_loader: Labels created. Rows: 5 (dropped 0). Stunted: 40.0% | Underweight: 40.0% | Wasted: 20.0%
2026-05-11 16:25:08  INFO      src.data_loader: Labels created. Rows: 5 (dropped 0). Stunted: 40.0% | Underweight: 40.0% | Wasted: 20.0%
2026-05-11 16:25:08  INFO      src.data_loader: Labels created. Rows: 2 (dropped 1). Stunted: 50.0% | Underweight: 50.0% | Wasted: 50.0%
2026-05-11 16:25:08  INFO      src.data_loader: Labels created. Rows: 1 (dropped 0). Stunted: 0.0% | Underweight: 100.0% | Wasted: 0.0%
2026-05-11 16:25:10  INFO      __main__: Environment validated
2026-05-11 16:25:14  INFO      src.data_loader: Loaded: 232,920 rows x 14 columns
2026-05-11 16:25:15  INFO      src.data_loader: Missing code replacement: 19,068 Z-score values → NaN
2026-05-11 16:25:15  INFO      src.data_loader: Z-scores scaled. Final shape: (232920, 14)
2026-05-11 16:25:15  INFO      src.labels: WHO thresholds applied: stunted=-2.0, underweight=-2.0, wasted=-2.0
2026-05-11 16:25:15  INFO      src.preprocessing: Starting full preprocessing pipeline...
2026-05-11 16:25:15  INFO      src.preprocessing: Input: 232,920 rows x 17 columns
2026-05-11 16:25:15  INFO      src.preprocessing: Duplicates removed: 3,872. Rows remaining: 229,048
2026-05-11 16:25:15  WARNING   src.preprocessing: No SC/ST column found. Searched: ['V131', 'S116', 'SH46', 'V130']. Fairness audit for Scheduled Tribe subgroup will be unavailable. Consider requesting the Household Members Recode (PR) file from DHS.
2026-05-11 16:25:15  INFO      src.preprocessing: Categorical encoding applied to: []
2026-05-11 16:25:16  INFO      src.preprocessing: Median imputation applied to 11 numeric columns
2026-05-11 16:25:16  INFO      src.preprocessing: Not imputed (protected): ['HAZ', 'WAZ', 'WHZ', 'stunted', 'underweight', 'wasted']
2026-05-11 16:25:16  WARNING   src.preprocessing: M19 (birth weight) column not found — skipping outlier cap
2026-05-11 16:25:16  WARNING   src.preprocessing: No SDI components found — skipping index construction
2026-05-11 16:25:16  INFO      src.preprocessing: Duplicates removed: 692. Rows remaining: 228,356
2026-05-11 16:25:16  INFO      src.preprocessing: Pipeline complete. Output: 228,356 rows x 17 columns
2026-05-11 16:25:16  INFO      src.labels: Label validation: PASSED
2026-05-11 16:25:16  INFO      src.labels: ─── Label Audit ───
2026-05-11 16:25:16  INFO      src.labels:   stunted: 35.5% prevalence
2026-05-11 16:25:16  INFO      src.labels:   underweight: 30.9% prevalence
2026-05-11 16:25:16  INFO      src.labels:   wasted: 18.6% prevalence
2026-05-11 16:25:16  INFO      src.labels:   stunted: scale_pos_weight = 1.7864
2026-05-11 16:25:16  INFO      src.labels:   underweight: scale_pos_weight = 2.4099
2026-05-11 16:25:16  INFO      src.labels:   wasted: scale_pos_weight = 4.3937
2026-05-11 16:25:18  WARNING   src.preprocessing: Dropped 29,560 rows with missing target labels before train/test split.
2026-05-11 16:25:18  INFO      src.preprocessing: Train/test split: 159,036 train | 39,760 test (20% test, stratified on stunted)
2026-05-11 16:25:20  INFO      __main__: Loading nfhs5_cleaned.csv...
2026-05-11 16:25:20  INFO      src.validation: Row count check PASSED: 228,356
2026-05-11 16:25:21  INFO      src.validation: Missing code check PASSED
2026-05-11 16:25:21  INFO      src.validation: Z-score scale check PASSED
2026-05-11 16:25:21  INFO      src.validation: Label binary check PASSED
2026-05-11 16:25:21  INFO      src.validation: Duplicate check PASSED: 0 duplicates
2026-05-11 16:25:21  INFO      src.validation: stunted: 35.5%  (threshold 30%–42%)
2026-05-11 16:25:21  INFO      src.validation: underweight: 30.9%  (threshold 30%–35%)
2026-05-11 16:25:21  INFO      src.validation: wasted: 18.6%  (threshold 17%–22%)
2026-05-11 16:25:21  INFO      src.validation: Prevalence check PASSED for all three phenotypes
2026-05-11 16:25:21  INFO      src.validation: validate_all_soft PASSED
2026-05-11 16:25:21  INFO      __main__: Saved: reports/tables/validation_summary.csv
2026-05-11 16:25:26  INFO      src.data_loader: Loaded: 232,920 rows x 14 columns
2026-05-11 16:25:27  INFO      src.data_loader: Missing code replacement: 19,068 Z-score values → NaN
2026-05-11 16:25:27  INFO      src.data_loader: Z-scores scaled. Final shape: (232920, 14)
2026-05-11 16:25:27  INFO      src.data_loader: Labels created. Rows: 211,639 (dropped 21,274). Stunted: 34.5% | Underweight: 30.7% | Wasted: 17.7%
2026-05-11 16:25:37  INFO      01_data_loading: Loaded: 228,356 rows x 17 columns
2026-05-11 16:25:43  INFO      src.validation: stunted: 35.5%  (threshold 30%–42%)
2026-05-11 16:25:43  INFO      src.validation: underweight: 30.9%  (threshold 30%–35%)
2026-05-11 16:25:43  INFO      src.validation: wasted: 18.6%  (threshold 17%–22%)
2026-05-11 16:25:43  INFO      src.validation: Prevalence check PASSED for all three phenotypes
2026-05-11 16:25:43  WARNING   src.preprocessing: No SC/ST column found. Searched: ['V131', 'S116', 'SH46', 'V130']. Fairness audit for Scheduled Tribe subgroup will be unavailable. Consider requesting the Household Members Recode (PR) file from DHS.
2026-05-11 16:26:18  INFO      src.data_loader: Loaded: 232,920 rows x 14 columns
2026-05-11 16:26:19  INFO      src.data_loader: Missing code replacement: 19,068 Z-score values → NaN
2026-05-11 16:26:19  INFO      src.data_loader: Z-scores scaled. Final shape: (232920, 14)
2026-05-11 16:26:19  INFO      src.data_loader: Labels created. Rows: 211,639 (dropped 21,274). Stunted: 34.5% | Underweight: 30.7% | Wasted: 17.7%
2026-05-11 16:26:21  INFO      src.data_loader: Labels created. Rows: 5 (dropped 0). Stunted: 40.0% | Underweight: 40.0% | Wasted: 20.0%
2026-05-11 16:26:21  INFO      src.data_loader: Labels created. Rows: 5 (dropped 0). Stunted: 40.0% | Underweight: 40.0% | Wasted: 20.0%
2026-05-11 16:26:21  INFO      src.data_loader: Labels created. Rows: 5 (dropped 0). Stunted: 40.0% | Underweight: 40.0% | Wasted: 20.0%
2026-05-11 16:26:21  INFO      src.data_loader: Labels created. Rows: 5 (dropped 0). Stunted: 40.0% | Underweight: 40.0% | Wasted: 20.0%
2026-05-11 16:26:21  INFO      src.data_loader: Labels created. Rows: 2 (dropped 1). Stunted: 50.0% | Underweight: 50.0% | Wasted: 50.0%
2026-05-11 16:26:21  INFO      src.data_loader: Labels created. Rows: 1 (dropped 0). Stunted: 0.0% | Underweight: 100.0% | Wasted: 0.0%
2026-05-11 16:26:23  INFO      __main__: Environment validated
2026-05-11 16:26:27  INFO      src.data_loader: Loaded: 232,920 rows x 14 columns
2026-05-11 16:26:28  INFO      src.data_loader: Missing code replacement: 19,068 Z-score values → NaN
2026-05-11 16:26:28  INFO      src.data_loader: Z-scores scaled. Final shape: (232920, 14)
2026-05-11 16:26:28  INFO      src.labels: WHO thresholds applied: stunted=-2.0, underweight=-2.0, wasted=-2.0
2026-05-11 16:26:28  INFO      src.preprocessing: Starting full preprocessing pipeline...
2026-05-11 16:26:28  INFO      src.preprocessing: Input: 232,920 rows x 17 columns
2026-05-11 16:26:28  INFO      src.preprocessing: Duplicates removed: 3,872. Rows remaining: 229,048
2026-05-11 16:26:28  WARNING   src.preprocessing: No SC/ST column found. Searched: ['V131', 'S116', 'SH46', 'V130']. Fairness audit for Scheduled Tribe subgroup will be unavailable. Consider requesting the Household Members Recode (PR) file from DHS.
2026-05-11 16:26:28  INFO      src.preprocessing: Categorical encoding applied to: []
2026-05-11 16:26:28  INFO      src.preprocessing: Median imputation applied to 11 numeric columns
2026-05-11 16:26:28  INFO      src.preprocessing: Not imputed (protected): ['HAZ', 'WAZ', 'WHZ', 'stunted', 'underweight', 'wasted']
2026-05-11 16:26:28  WARNING   src.preprocessing: M19 (birth weight) column not found — skipping outlier cap
2026-05-11 16:26:28  WARNING   src.preprocessing: No SDI components found — skipping index construction
2026-05-11 16:26:28  INFO      src.preprocessing: Duplicates removed: 692. Rows remaining: 228,356
2026-05-11 16:26:28  INFO      src.preprocessing: Pipeline complete. Output: 228,356 rows x 17 columns
2026-05-11 16:26:28  INFO      src.labels: Label validation: PASSED
2026-05-11 16:26:28  INFO      src.labels: ─── Label Audit ───
2026-05-11 16:26:28  INFO      src.labels:   stunted: 35.5% prevalence
2026-05-11 16:26:28  INFO      src.labels:   underweight: 30.9% prevalence
2026-05-11 16:26:28  INFO      src.labels:   wasted: 18.6% prevalence
2026-05-11 16:26:28  INFO      src.labels:   stunted: scale_pos_weight = 1.7864
2026-05-11 16:26:28  INFO      src.labels:   underweight: scale_pos_weight = 2.4099
2026-05-11 16:26:29  INFO      src.labels:   wasted: scale_pos_weight = 4.3937
2026-05-11 16:26:31  WARNING   src.preprocessing: Dropped 29,560 rows with missing target labels before train/test split.
2026-05-11 16:26:31  INFO      src.preprocessing: Train/test split: 159,036 train | 39,760 test (20% test, stratified on stunted)
2026-05-11 16:26:33  INFO      __main__: Loading nfhs5_cleaned.csv...
2026-05-11 16:26:33  INFO      src.validation: Row count check PASSED: 228,356
2026-05-11 16:26:34  INFO      src.validation: Missing code check PASSED
2026-05-11 16:26:34  INFO      src.validation: Z-score scale check PASSED
2026-05-11 16:26:34  INFO      src.validation: Label binary check PASSED
2026-05-11 16:26:34  INFO      src.validation: Duplicate check PASSED: 0 duplicates
2026-05-11 16:26:34  INFO      src.validation: stunted: 35.5%  (threshold 30%–42%)
2026-05-11 16:26:34  INFO      src.validation: underweight: 30.9%  (threshold 30%–35%)
2026-05-11 16:26:34  INFO      src.validation: wasted: 18.6%  (threshold 17%–22%)
2026-05-11 16:26:34  INFO      src.validation: Prevalence check PASSED for all three phenotypes
2026-05-11 16:26:34  INFO      src.validation: validate_all_soft PASSED
2026-05-11 16:26:34  INFO      __main__: Saved: reports/tables/validation_summary.csv
2026-05-11 16:26:38  INFO      src.data_loader: Loaded: 232,920 rows x 14 columns
2026-05-11 16:26:39  INFO      src.data_loader: Missing code replacement: 19,068 Z-score values → NaN
2026-05-11 16:26:39  INFO      src.data_loader: Z-scores scaled. Final shape: (232920, 14)
2026-05-11 16:26:39  INFO      src.data_loader: Labels created. Rows: 211,639 (dropped 21,274). Stunted: 34.5% | Underweight: 30.7% | Wasted: 17.7%
2026-05-11 16:26:47  INFO      01_data_loading: Loaded: 228,356 rows x 17 columns
2026-05-11 16:26:52  INFO      src.validation: stunted: 35.5%  (threshold 30%–42%)
2026-05-11 16:26:52  INFO      src.validation: underweight: 30.9%  (threshold 30%–35%)
2026-05-11 16:26:52  INFO      src.validation: wasted: 18.6%  (threshold 17%–22%)
2026-05-11 16:26:52  INFO      src.validation: Prevalence check PASSED for all three phenotypes
2026-05-11 16:26:53  WARNING   src.preprocessing: No SC/ST column found. Searched: ['V131', 'S116', 'SH46', 'V130']. Fairness audit for Scheduled Tribe subgroup will be unavailable. Consider requesting the Household Members Recode (PR) file from DHS.
2026-05-11 16:34:31  INFO      src.model: Class weights loaded: {'stunted': 1.8195, 'underweight': 2.2367, 'wasted': 4.3705}
2026-05-11 16:36:45  INFO      src.evaluation: stunted: recall=0.000 f1=0.000 roc_auc=0.510
2026-05-11 16:47:00  INFO      src.evaluation: stunted: recall=0.000 f1=0.000 roc_auc=0.510
2026-05-11 16:47:00  INFO      src.evaluation: Benchmark saved: /workspaces/malnutrisense/reports/tables/test_benchmark.csv
2026-05-11 16:48:24  INFO      src.evaluation: stunted: recall=0.400 f1=0.429 roc_auc=0.531
2026-05-11 16:48:24  INFO      src.evaluation: stunted: recall=0.400 f1=0.429 roc_auc=0.531
2026-05-11 16:48:24  INFO      src.evaluation: stunted: recall=0.333 f1=0.348 roc_auc=0.506
2026-05-11 16:48:24  INFO      src.evaluation: underweight: recall=0.357 f1=0.333 roc_auc=0.448
2026-05-11 16:48:24  INFO      src.evaluation: wasted: recall=0.375 f1=0.353 roc_auc=0.715
2026-05-11 16:48:24  INFO      src.evaluation: Macro avg: recall=0.355
2026-05-11 16:48:24  INFO      src.evaluation: stunted: recall=0.333 f1=0.348 roc_auc=0.506
2026-05-11 16:48:24  INFO      src.evaluation: underweight: recall=0.357 f1=0.333 roc_auc=0.448
2026-05-11 16:48:24  INFO      src.evaluation: wasted: recall=0.375 f1=0.353 roc_auc=0.715
2026-05-11 16:48:24  INFO      src.evaluation: Macro avg: recall=0.355
2026-05-11 16:48:25  INFO      src.evaluation: stunted: recall=0.400 f1=0.429 roc_auc=0.531
2026-05-11 16:48:25  INFO      src.evaluation: stunted: recall=0.333 f1=0.348 roc_auc=0.506
2026-05-11 16:48:25  INFO      src.evaluation: underweight: recall=0.357 f1=0.333 roc_auc=0.448
2026-05-11 16:48:25  INFO      src.evaluation: wasted: recall=0.375 f1=0.353 roc_auc=0.715
2026-05-11 16:48:25  INFO      src.evaluation: Macro avg: recall=0.355
2026-05-11 16:48:25  INFO      src.model: Model saved: /tmp/pytest-of-codespace/pytest-0/test_save_and_load_roundtrip0/test_model.pkl  (0.0 MB)
2026-05-11 16:48:25  INFO      src.model: Model loaded: /tmp/pytest-of-codespace/pytest-0/test_save_and_load_roundtrip0/test_model.pkl
2026-05-11 16:48:29  INFO      src.data_loader: Labels created. Rows: 5 (dropped 0). Stunted: 40.0% | Underweight: 40.0% | Wasted: 20.0%
2026-05-11 16:48:29  INFO      src.data_loader: Labels created. Rows: 5 (dropped 0). Stunted: 40.0% | Underweight: 40.0% | Wasted: 20.0%
2026-05-11 16:48:29  INFO      src.data_loader: Labels created. Rows: 5 (dropped 0). Stunted: 40.0% | Underweight: 40.0% | Wasted: 20.0%
2026-05-11 16:48:29  INFO      src.data_loader: Labels created. Rows: 5 (dropped 0). Stunted: 40.0% | Underweight: 40.0% | Wasted: 20.0%
2026-05-11 16:48:29  INFO      src.data_loader: Labels created. Rows: 2 (dropped 1). Stunted: 50.0% | Underweight: 50.0% | Wasted: 50.0%
2026-05-11 16:48:29  INFO      src.data_loader: Labels created. Rows: 1 (dropped 0). Stunted: 0.0% | Underweight: 100.0% | Wasted: 0.0%
2026-05-11 16:48:34  INFO      src.evaluation: stunted: recall=0.400 f1=0.429 roc_auc=0.531
2026-05-11 16:48:34  INFO      src.evaluation: stunted: recall=0.400 f1=0.429 roc_auc=0.531
2026-05-11 16:48:34  INFO      src.evaluation: stunted: recall=0.333 f1=0.348 roc_auc=0.506
2026-05-11 16:48:34  INFO      src.evaluation: underweight: recall=0.357 f1=0.333 roc_auc=0.448
2026-05-11 16:48:34  INFO      src.evaluation: wasted: recall=0.375 f1=0.353 roc_auc=0.715
2026-05-11 16:48:34  INFO      src.evaluation: Macro avg: recall=0.355
2026-05-11 16:48:34  INFO      src.evaluation: stunted: recall=0.333 f1=0.348 roc_auc=0.506
2026-05-11 16:48:34  INFO      src.evaluation: underweight: recall=0.357 f1=0.333 roc_auc=0.448
2026-05-11 16:48:34  INFO      src.evaluation: wasted: recall=0.375 f1=0.353 roc_auc=0.715
2026-05-11 16:48:34  INFO      src.evaluation: Macro avg: recall=0.355
2026-05-11 16:48:35  INFO      src.evaluation: stunted: recall=0.400 f1=0.429 roc_auc=0.531
2026-05-11 16:48:35  INFO      src.evaluation: stunted: recall=0.333 f1=0.348 roc_auc=0.506
2026-05-11 16:48:35  INFO      src.evaluation: underweight: recall=0.357 f1=0.333 roc_auc=0.448
2026-05-11 16:48:35  INFO      src.evaluation: wasted: recall=0.375 f1=0.353 roc_auc=0.715
2026-05-11 16:48:35  INFO      src.evaluation: Macro avg: recall=0.355
2026-05-11 16:48:35  INFO      src.model: Model saved: /tmp/pytest-of-codespace/pytest-1/test_save_and_load_roundtrip0/test_model.pkl  (0.0 MB)
2026-05-11 16:48:35  INFO      src.model: Model loaded: /tmp/pytest-of-codespace/pytest-1/test_save_and_load_roundtrip0/test_model.pkl
2026-05-11 16:52:32  INFO      __main__: Loading train/test splits...
2026-05-11 16:52:32  INFO      __main__: Train: 159,036 rows  |  Test: 39,760 rows
2026-05-11 16:52:32  INFO      src.model: Class weights loaded: {'stunted': 1.8195, 'underweight': 2.2367, 'wasted': 4.3705}
2026-05-11 16:52:33  INFO      src.evaluation: stunted: recall=0.845 f1=0.791 roc_auc=0.922
2026-05-11 16:52:33  INFO      src.evaluation: MLflow: logged run for logistic_stunted
2026-05-11 16:52:34  INFO      src.evaluation: underweight: recall=0.924 f1=0.849 roc_auc=0.962
2026-05-11 16:52:34  INFO      src.evaluation: MLflow: logged run for logistic_underweight
2026-05-11 16:52:36  INFO      src.evaluation: wasted: recall=0.975 f1=0.899 roc_auc=0.995
2026-05-11 16:52:36  INFO      src.evaluation: MLflow: logged run for logistic_wasted
2026-05-11 16:52:59  INFO      src.evaluation: stunted: recall=0.961 f1=0.908 roc_auc=0.987
2026-05-11 16:52:59  INFO      src.evaluation: MLflow: logged run for random_forest_stunted
2026-05-11 16:53:22  INFO      src.evaluation: underweight: recall=0.959 f1=0.867 roc_auc=0.986
2026-05-11 16:53:22  INFO      src.evaluation: MLflow: logged run for random_forest_underweight
2026-05-11 16:53:44  INFO      src.evaluation: wasted: recall=0.987 f1=0.837 roc_auc=0.994
2026-05-11 16:53:44  INFO      src.evaluation: MLflow: logged run for random_forest_wasted
2026-05-11 16:53:47  INFO      src.evaluation: stunted: recall=0.982 f1=0.970 roc_auc=0.999
2026-05-11 16:53:47  INFO      src.evaluation: MLflow: logged run for xgb_single_stunted
2026-05-11 16:53:50  INFO      src.evaluation: underweight: recall=0.988 f1=0.969 roc_auc=0.999
2026-05-11 16:53:50  INFO      src.evaluation: MLflow: logged run for xgb_single_underweight
2026-05-11 16:53:53  INFO      src.evaluation: wasted: recall=0.997 f1=0.958 roc_auc=0.999
2026-05-11 16:53:53  INFO      src.evaluation: MLflow: logged run for xgb_single_wasted
2026-05-11 16:53:53  INFO      src.evaluation: Benchmark saved: /workspaces/malnutrisense/reports/tables/baseline_benchmark.csv
2026-05-11 16:55:56  INFO      __main__: Train: 159,036 rows  |  Test: 39,760 rows
2026-05-11 16:55:56  INFO      src.model: Class weights loaded: {'stunted': 1.8195, 'underweight': 2.2367, 'wasted': 4.3705}
2026-05-11 16:55:56  INFO      __main__: Class weights: {'stunted': 1.8195, 'underweight': 2.2367, 'wasted': 4.3705}
2026-05-11 16:56:11  INFO      src.evaluation: stunted: recall=0.992 f1=0.965 roc_auc=0.998
2026-05-11 16:56:11  INFO      src.evaluation: underweight: recall=0.992 f1=0.964 roc_auc=0.999
2026-05-11 16:56:11  INFO      src.evaluation: wasted: recall=0.991 f1=0.963 roc_auc=0.999
2026-05-11 16:56:11  INFO      src.evaluation: Macro avg: recall=0.992
2026-05-11 16:56:11  INFO      src.model: Model saved: /workspaces/malnutrisense/models/mltp_xgb_v1.pkl  (5.1 MB)
2026-05-11 16:56:12  INFO      src.evaluation: MLflow: logged run for mltp_xgb
2026-05-11 16:56:44  INFO      src.evaluation: stunted: recall=0.987 f1=0.968 roc_auc=0.999
2026-05-11 16:56:44  INFO      src.evaluation: underweight: recall=0.986 f1=0.969 roc_auc=0.999
2026-05-11 16:56:44  INFO      src.evaluation: wasted: recall=0.989 f1=0.973 roc_auc=1.000
2026-05-11 16:56:44  INFO      src.evaluation: Macro avg: recall=0.987
2026-05-11 16:56:44  INFO      src.model: Model saved: /workspaces/malnutrisense/models/mltp_lgbm_v1.pkl  (8.3 MB)
2026-05-11 16:56:44  INFO      src.evaluation: Benchmark saved: /workspaces/malnutrisense/reports/tables/full_benchmark.csv
2026-05-12 16:20:04  INFO      src.model: Class weights loaded: {'stunted': 1.8195, 'underweight': 2.2367, 'wasted': 4.3705}
2026-05-12 16:20:38  INFO      src.evaluation: stunted: recall=0.845 f1=0.791 roc_auc=0.922
2026-05-12 16:20:39  INFO      src.evaluation: underweight: recall=0.924 f1=0.849 roc_auc=0.962
2026-05-12 16:20:39  INFO      src.evaluation: wasted: recall=0.975 f1=0.899 roc_auc=0.995
2026-05-12 16:21:05  INFO      src.evaluation: stunted: recall=0.961 f1=0.908 roc_auc=0.987
2026-05-12 16:21:27  INFO      src.evaluation: underweight: recall=0.959 f1=0.867 roc_auc=0.986
2026-05-12 16:21:49  INFO      src.evaluation: wasted: recall=0.987 f1=0.837 roc_auc=0.994
2026-05-12 16:21:52  INFO      src.evaluation: stunted: recall=0.982 f1=0.970 roc_auc=0.999
2026-05-12 16:21:57  INFO      src.evaluation: underweight: recall=0.988 f1=0.969 roc_auc=0.999
2026-05-12 16:22:03  INFO      src.evaluation: wasted: recall=0.997 f1=0.958 roc_auc=0.999
2026-05-12 16:22:27  INFO      src.evaluation: stunted: recall=0.992 f1=0.965 roc_auc=0.998
2026-05-12 16:22:27  INFO      src.evaluation: underweight: recall=0.992 f1=0.964 roc_auc=0.999
2026-05-12 16:22:27  INFO      src.evaluation: wasted: recall=0.991 f1=0.963 roc_auc=0.999
2026-05-12 16:22:27  INFO      src.evaluation: Macro avg: recall=0.992
2026-05-12 16:23:07  INFO      src.evaluation: stunted: recall=0.987 f1=0.968 roc_auc=0.999
2026-05-12 16:23:07  INFO      src.evaluation: underweight: recall=0.986 f1=0.969 roc_auc=0.999
2026-05-12 16:23:07  INFO      src.evaluation: wasted: recall=0.989 f1=0.973 roc_auc=1.000
2026-05-12 16:23:07  INFO      src.evaluation: Macro avg: recall=0.987
2026-05-12 16:23:07  INFO      src.model: Model saved: /workspaces/malnutrisense/models/mltp_xgb_v1.pkl  (5.1 MB)
2026-05-12 16:23:44  INFO      src.evaluation: Benchmark saved: /workspaces/malnutrisense/reports/tables/full_benchmark.csv
2026-05-12 16:41:34  INFO      src.model: Model loaded: /workspaces/malnutrisense/models/mltp_xgb_v1.pkl
2026-05-12 16:44:30  WARNING   src.preprocessing: No SC/ST column found. Searched: ['V131', 'S116', 'SH46', 'V130']. Fairness audit for Scheduled Tribe subgroup will be unavailable. Consider requesting the Household Members Recode (PR) file from DHS.
2026-05-12 16:45:16  INFO      src.explainability: SHAPExplainer initialised for 3 labels
2026-05-12 17:10:06  INFO      src.explainability: SHAP values computed: 39760 rows, 11 features
